{"C:\\Users\\koglakci\\Desktop\\work\\employeeManagement\\src\\app.ts": {"path":"C:\\Users\\koglakci\\Desktop\\work\\employeeManagement\\src\\app.ts","all":true,"statementMap":{"0":{"start":{"line":1,"column":0},"end":{"line":1,"column":44}},"1":{"start":{"line":2,"column":0},"end":{"line":2,"column":50}},"2":{"start":{"line":3,"column":0},"end":{"line":3,"column":46}},"3":{"start":{"line":4,"column":0},"end":{"line":4,"column":40}},"4":{"start":{"line":5,"column":0},"end":{"line":5,"column":59}},"7":{"start":{"line":8,"column":0},"end":{"line":8,"column":27}},"8":{"start":{"line":9,"column":0},"end":{"line":9,"column":29}},"9":{"start":{"line":10,"column":0},"end":{"line":10,"column":29}},"11":{"start":{"line":12,"column":0},"end":{"line":12,"column":30}},"12":{"start":{"line":13,"column":0},"end":{"line":13,"column":45}},"13":{"start":{"line":14,"column":0},"end":{"line":14,"column":56}},"14":{"start":{"line":15,"column":0},"end":{"line":15,"column":40}},"16":{"start":{"line":17,"column":0},"end":{"line":17,"column":30}},"30":{"start":{"line":31,"column":0},"end":{"line":31,"column":5}},"32":{"start":{"line":33,"column":0},"end":{"line":33,"column":23}},"33":{"start":{"line":34,"column":0},"end":{"line":34,"column":30}},"34":{"start":{"line":35,"column":0},"end":{"line":35,"column":42}},"35":{"start":{"line":36,"column":0},"end":{"line":36,"column":23}},"36":{"start":{"line":37,"column":0},"end":{"line":37,"column":3}},"38":{"start":{"line":39,"column":0},"end":{"line":39,"column":26}},"39":{"start":{"line":40,"column":0},"end":{"line":40,"column":33}},"40":{"start":{"line":41,"column":0},"end":{"line":41,"column":45}},"41":{"start":{"line":42,"column":0},"end":{"line":42,"column":3}},"43":{"start":{"line":44,"column":0},"end":{"line":44,"column":25}},"44":{"start":{"line":45,"column":0},"end":{"line":45,"column":84}},"45":{"start":{"line":46,"column":0},"end":{"line":46,"column":98}},"46":{"start":{"line":47,"column":0},"end":{"line":47,"column":98}},"47":{"start":{"line":48,"column":0},"end":{"line":48,"column":3}},"49":{"start":{"line":50,"column":0},"end":{"line":50,"column":31}},"50":{"start":{"line":51,"column":0},"end":{"line":51,"column":63}},"52":{"start":{"line":53,"column":0},"end":{"line":53,"column":30}},"53":{"start":{"line":54,"column":0},"end":{"line":54,"column":43}},"54":{"start":{"line":55,"column":0},"end":{"line":55,"column":43}},"55":{"start":{"line":56,"column":0},"end":{"line":56,"column":47}},"56":{"start":{"line":57,"column":0},"end":{"line":57,"column":52}},"57":{"start":{"line":58,"column":0},"end":{"line":58,"column":47}},"58":{"start":{"line":59,"column":0},"end":{"line":59,"column":12}},"60":{"start":{"line":61,"column":0},"end":{"line":61,"column":32}},"61":{"start":{"line":62,"column":0},"end":{"line":62,"column":43}},"62":{"start":{"line":63,"column":0},"end":{"line":63,"column":5}},"63":{"start":{"line":64,"column":0},"end":{"line":64,"column":3}},"65":{"start":{"line":66,"column":0},"end":{"line":66,"column":12}},"66":{"start":{"line":67,"column":0},"end":{"line":67,"column":16}},"69":{"start":{"line":70,"column":0},"end":{"line":70,"column":35}},"72":{"start":{"line":73,"column":0},"end":{"line":73,"column":3}},"73":{"start":{"line":74,"column":0},"end":{"line":74,"column":1}}},"s":{"0":0,"1":0,"2":0,"3":0,"4":0,"7":0,"8":0,"9":0,"11":0,"12":0,"13":0,"14":0,"16":0,"30":0,"32":0,"33":0,"34":0,"35":0,"36":0,"38":0,"39":0,"40":0,"41":0,"43":0,"44":0,"45":0,"46":0,"47":0,"49":0,"50":0,"52":0,"53":0,"54":0,"55":0,"56":0,"57":0,"58":0,"60":0,"61":0,"62":0,"63":0,"65":0,"66":0,"69":0,"72":0,"73":0},"branchMap":{"0":{"type":"branch","line":1,"loc":{"start":{"line":1,"column":2181},"end":{"line":75,"column":82}},"locations":[{"start":{"line":1,"column":2181},"end":{"line":75,"column":82}}]}},"b":{"0":[0]},"fnMap":{"0":{"name":"(empty-report)","decl":{"start":{"line":1,"column":2181},"end":{"line":75,"column":82}},"loc":{"start":{"line":1,"column":2181},"end":{"line":75,"column":82}},"line":1}},"f":{"0":0}}
,"C:\\Users\\koglakci\\Desktop\\work\\employeeManagement\\src\\main.ts": {"path":"C:\\Users\\koglakci\\Desktop\\work\\employeeManagement\\src\\main.ts","all":true,"statementMap":{"0":{"start":{"line":1,"column":0},"end":{"line":1,"column":47}},"1":{"start":{"line":2,"column":0},"end":{"line":2,"column":15}}},"s":{"0":0,"1":0},"branchMap":{"0":{"type":"branch","line":1,"loc":{"start":{"line":1,"column":0},"end":{"line":2,"column":-2}},"locations":[{"start":{"line":1,"column":0},"end":{"line":2,"column":-2}}]}},"b":{"0":[0]},"fnMap":{"0":{"name":"(empty-report)","decl":{"start":{"line":1,"column":0},"end":{"line":2,"column":-2}},"loc":{"start":{"line":1,"column":0},"end":{"line":2,"column":-2}},"line":1}},"f":{"0":0}}
,"C:\\Users\\koglakci\\Desktop\\work\\employeeManagement\\src\\components\\employee\\employee-grid.ts": {"path":"C:\\Users\\koglakci\\Desktop\\work\\employeeManagement\\src\\components\\employee\\employee-grid.ts","all":false,"statementMap":{"1":{"start":{"line":2,"column":0},"end":{"line":2,"column":39}},"2":{"start":{"line":3,"column":0},"end":{"line":3,"column":60}},"4":{"start":{"line":5,"column":0},"end":{"line":5,"column":28}},"5":{"start":{"line":6,"column":0},"end":{"line":6,"column":30}},"6":{"start":{"line":7,"column":0},"end":{"line":7,"column":48}},"7":{"start":{"line":8,"column":0},"end":{"line":8,"column":55}},"8":{"start":{"line":9,"column":0},"end":{"line":9,"column":51}},"10":{"start":{"line":11,"column":0},"end":{"line":11,"column":31}},"11":{"start":{"line":12,"column":0},"end":{"line":12,"column":46}},"12":{"start":{"line":13,"column":0},"end":{"line":13,"column":52}},"14":{"start":{"line":15,"column":0},"end":{"line":15,"column":56}},"16":{"start":{"line":17,"column":0},"end":{"line":17,"column":29}},"18":{"start":{"line":19,"column":0},"end":{"line":19,"column":36}},"19":{"start":{"line":20,"column":0},"end":{"line":20,"column":114}},"20":{"start":{"line":21,"column":0},"end":{"line":21,"column":3}},"22":{"start":{"line":23,"column":0},"end":{"line":23,"column":35}},"23":{"start":{"line":24,"column":0},"end":{"line":24,"column":116}},"24":{"start":{"line":25,"column":0},"end":{"line":25,"column":3}},"26":{"start":{"line":27,"column":0},"end":{"line":27,"column":12}},"27":{"start":{"line":28,"column":0},"end":{"line":28,"column":34}},"28":{"start":{"line":29,"column":0},"end":{"line":29,"column":18}},"35":{"start":{"line":36,"column":0},"end":{"line":36,"column":5}},"37":{"start":{"line":38,"column":0},"end":{"line":38,"column":16}},"40":{"start":{"line":41,"column":0},"end":{"line":41,"column":43}},"44":{"start":{"line":45,"column":0},"end":{"line":45,"column":68}},"45":{"start":{"line":46,"column":0},"end":{"line":46,"column":61}},"48":{"start":{"line":49,"column":0},"end":{"line":49,"column":67}},"49":{"start":{"line":50,"column":0},"end":{"line":50,"column":60}},"53":{"start":{"line":54,"column":0},"end":{"line":54,"column":73}},"54":{"start":{"line":55,"column":0},"end":{"line":55,"column":97}},"57":{"start":{"line":58,"column":0},"end":{"line":58,"column":68}},"58":{"start":{"line":59,"column":0},"end":{"line":59,"column":92}},"62":{"start":{"line":63,"column":0},"end":{"line":63,"column":64}},"63":{"start":{"line":64,"column":0},"end":{"line":64,"column":70}},"66":{"start":{"line":67,"column":0},"end":{"line":67,"column":64}},"67":{"start":{"line":68,"column":0},"end":{"line":68,"column":57}},"71":{"start":{"line":72,"column":0},"end":{"line":72,"column":69}},"72":{"start":{"line":73,"column":0},"end":{"line":73,"column":62}},"75":{"start":{"line":76,"column":0},"end":{"line":76,"column":67}},"76":{"start":{"line":77,"column":0},"end":{"line":77,"column":60}},"81":{"start":{"line":82,"column":0},"end":{"line":82,"column":76}},"82":{"start":{"line":83,"column":0},"end":{"line":83,"column":85}},"84":{"start":{"line":85,"column":0},"end":{"line":85,"column":74}},"85":{"start":{"line":86,"column":0},"end":{"line":86,"column":91}},"89":{"start":{"line":90,"column":0},"end":{"line":90,"column":13}},"93":{"start":{"line":94,"column":0},"end":{"line":94,"column":3}},"94":{"start":{"line":95,"column":0},"end":{"line":95,"column":1}}},"s":{"1":1,"2":1,"4":1,"5":1,"6":1,"7":1,"8":1,"10":1,"11":1,"12":16,"14":16,"16":1,"18":1,"19":2,"20":2,"22":1,"23":2,"24":2,"26":1,"27":20,"28":14,"35":14,"37":6,"40":6,"44":12,"45":12,"48":12,"49":12,"53":12,"54":12,"57":12,"58":12,"62":12,"63":12,"66":12,"67":12,"71":12,"72":12,"75":12,"76":12,"81":12,"82":12,"84":12,"85":12,"89":6,"93":20,"94":1},"branchMap":{"0":{"type":"branch","line":12,"loc":{"start":{"line":12,"column":7},"end":{"line":15,"column":56}},"locations":[{"start":{"line":12,"column":7},"end":{"line":15,"column":56}}]},"1":{"type":"branch","line":19,"loc":{"start":{"line":19,"column":10},"end":{"line":21,"column":3}},"locations":[{"start":{"line":19,"column":10},"end":{"line":21,"column":3}}]},"2":{"type":"branch","line":23,"loc":{"start":{"line":23,"column":10},"end":{"line":25,"column":3}},"locations":[{"start":{"line":23,"column":10},"end":{"line":25,"column":3}}]},"3":{"type":"branch","line":27,"loc":{"start":{"line":27,"column":2},"end":{"line":94,"column":3}},"locations":[{"start":{"line":27,"column":2},"end":{"line":94,"column":3}}]},"4":{"type":"branch","line":28,"loc":{"start":{"line":28,"column":33},"end":{"line":36,"column":5}},"locations":[{"start":{"line":28,"column":33},"end":{"line":36,"column":5}}]},"5":{"type":"branch","line":36,"loc":{"start":{"line":36,"column":4},"end":{"line":90,"column":13}},"locations":[{"start":{"line":36,"column":4},"end":{"line":90,"column":13}}]},"6":{"type":"branch","line":41,"loc":{"start":{"line":41,"column":31},"end":{"line":86,"column":91}},"locations":[{"start":{"line":41,"column":31},"end":{"line":86,"column":91}}]}},"b":{"0":[16],"1":[2],"2":[2],"3":[20],"4":[14],"5":[6],"6":[12]},"fnMap":{"0":{"name":"EmployeeGrid","decl":{"start":{"line":12,"column":7},"end":{"line":15,"column":56}},"loc":{"start":{"line":12,"column":7},"end":{"line":15,"column":56}},"line":12},"1":{"name":"edit","decl":{"start":{"line":19,"column":10},"end":{"line":21,"column":3}},"loc":{"start":{"line":19,"column":10},"end":{"line":21,"column":3}},"line":19},"2":{"name":"del","decl":{"start":{"line":23,"column":10},"end":{"line":25,"column":3}},"loc":{"start":{"line":23,"column":10},"end":{"line":25,"column":3}},"line":23},"3":{"name":"render","decl":{"start":{"line":27,"column":2},"end":{"line":94,"column":3}},"loc":{"start":{"line":27,"column":2},"end":{"line":94,"column":3}},"line":27}},"f":{"0":16,"1":2,"2":2,"3":20}}
,"C:\\Users\\koglakci\\Desktop\\work\\employeeManagement\\src\\components\\employee\\employee-table.ts": {"path":"C:\\Users\\koglakci\\Desktop\\work\\employeeManagement\\src\\components\\employee\\employee-table.ts","all":false,"statementMap":{"0":{"start":{"line":1,"column":0},"end":{"line":1,"column":39}},"1":{"start":{"line":2,"column":0},"end":{"line":2,"column":67}},"3":{"start":{"line":4,"column":0},"end":{"line":4,"column":28}},"4":{"start":{"line":5,"column":0},"end":{"line":5,"column":30}},"5":{"start":{"line":6,"column":0},"end":{"line":6,"column":48}},"6":{"start":{"line":7,"column":0},"end":{"line":7,"column":55}},"7":{"start":{"line":8,"column":0},"end":{"line":8,"column":53}},"9":{"start":{"line":10,"column":0},"end":{"line":10,"column":32}},"10":{"start":{"line":11,"column":0},"end":{"line":11,"column":47}},"11":{"start":{"line":12,"column":0},"end":{"line":12,"column":52}},"12":{"start":{"line":13,"column":0},"end":{"line":13,"column":56}},"13":{"start":{"line":14,"column":0},"end":{"line":14,"column":48}},"15":{"start":{"line":16,"column":0},"end":{"line":16,"column":30}},"17":{"start":{"line":18,"column":0},"end":{"line":18,"column":29}},"18":{"start":{"line":19,"column":0},"end":{"line":19,"column":91}},"19":{"start":{"line":20,"column":0},"end":{"line":20,"column":3}},"20":{"start":{"line":21,"column":0},"end":{"line":21,"column":31}},"21":{"start":{"line":22,"column":0},"end":{"line":22,"column":54}},"22":{"start":{"line":23,"column":0},"end":{"line":23,"column":40}},"23":{"start":{"line":24,"column":0},"end":{"line":24,"column":79}},"24":{"start":{"line":25,"column":0},"end":{"line":25,"column":25}},"25":{"start":{"line":26,"column":0},"end":{"line":26,"column":3}},"26":{"start":{"line":27,"column":0},"end":{"line":27,"column":43}},"27":{"start":{"line":28,"column":0},"end":{"line":28,"column":54}},"28":{"start":{"line":29,"column":0},"end":{"line":29,"column":40}},"29":{"start":{"line":30,"column":0},"end":{"line":30,"column":40}},"30":{"start":{"line":31,"column":0},"end":{"line":31,"column":25}},"31":{"start":{"line":32,"column":0},"end":{"line":32,"column":3}},"33":{"start":{"line":34,"column":0},"end":{"line":34,"column":149}},"34":{"start":{"line":35,"column":0},"end":{"line":35,"column":150}},"36":{"start":{"line":37,"column":0},"end":{"line":37,"column":12}},"37":{"start":{"line":38,"column":0},"end":{"line":38,"column":16}},"42":{"start":{"line":43,"column":0},"end":{"line":43,"column":139}},"43":{"start":{"line":44,"column":0},"end":{"line":44,"column":45}},"44":{"start":{"line":45,"column":0},"end":{"line":45,"column":44}},"45":{"start":{"line":46,"column":0},"end":{"line":46,"column":66}},"46":{"start":{"line":47,"column":0},"end":{"line":47,"column":61}},"47":{"start":{"line":48,"column":0},"end":{"line":48,"column":41}},"48":{"start":{"line":49,"column":0},"end":{"line":49,"column":41}},"49":{"start":{"line":50,"column":0},"end":{"line":50,"column":62}},"50":{"start":{"line":51,"column":0},"end":{"line":51,"column":60}},"51":{"start":{"line":52,"column":0},"end":{"line":52,"column":59}},"55":{"start":{"line":56,"column":0},"end":{"line":56,"column":45}},"58":{"start":{"line":59,"column":0},"end":{"line":59,"column":156}},"60":{"start":{"line":61,"column":0},"end":{"line":61,"column":55}},"61":{"start":{"line":62,"column":0},"end":{"line":62,"column":40}},"62":{"start":{"line":63,"column":0},"end":{"line":63,"column":93}},"63":{"start":{"line":64,"column":0},"end":{"line":64,"column":88}},"64":{"start":{"line":65,"column":0},"end":{"line":65,"column":50}},"65":{"start":{"line":66,"column":0},"end":{"line":66,"column":37}},"66":{"start":{"line":67,"column":0},"end":{"line":67,"column":58}},"67":{"start":{"line":68,"column":0},"end":{"line":68,"column":56}},"70":{"start":{"line":71,"column":0},"end":{"line":71,"column":150}},"71":{"start":{"line":72,"column":0},"end":{"line":72,"column":155}},"75":{"start":{"line":76,"column":0},"end":{"line":76,"column":15}},"80":{"start":{"line":81,"column":0},"end":{"line":81,"column":3}},"81":{"start":{"line":82,"column":0},"end":{"line":82,"column":1}}},"s":{"0":1,"1":1,"3":1,"4":1,"5":1,"6":1,"7":1,"9":1,"10":1,"11":32,"12":32,"13":32,"15":1,"17":1,"18":57,"19":57,"20":1,"21":0,"22":0,"23":0,"24":0,"25":0,"26":1,"27":0,"28":0,"29":0,"30":0,"31":0,"33":1,"34":1,"36":1,"37":57,"42":57,"43":57,"44":57,"45":57,"46":57,"47":57,"48":57,"49":57,"50":57,"51":57,"55":57,"58":46,"60":46,"61":46,"62":46,"63":46,"64":46,"65":46,"66":46,"67":46,"70":46,"71":46,"75":57,"80":57,"81":1},"branchMap":{"0":{"type":"branch","line":11,"loc":{"start":{"line":11,"column":7},"end":{"line":14,"column":48}},"locations":[{"start":{"line":11,"column":7},"end":{"line":14,"column":48}}]},"1":{"type":"branch","line":18,"loc":{"start":{"line":18,"column":2},"end":{"line":20,"column":3}},"locations":[{"start":{"line":18,"column":2},"end":{"line":20,"column":3}}]},"2":{"type":"branch","line":19,"loc":{"start":{"line":19,"column":35},"end":{"line":19,"column":91}},"locations":[{"start":{"line":19,"column":35},"end":{"line":19,"column":91}}]},"3":{"type":"branch","line":19,"loc":{"start":{"line":19,"column":61},"end":{"line":19,"column":89}},"locations":[{"start":{"line":19,"column":61},"end":{"line":19,"column":89}}]},"4":{"type":"branch","line":34,"loc":{"start":{"line":34,"column":10},"end":{"line":34,"column":149}},"locations":[{"start":{"line":34,"column":10},"end":{"line":34,"column":149}}]},"5":{"type":"branch","line":35,"loc":{"start":{"line":35,"column":10},"end":{"line":35,"column":150}},"locations":[{"start":{"line":35,"column":10},"end":{"line":35,"column":150}}]},"6":{"type":"branch","line":37,"loc":{"start":{"line":37,"column":2},"end":{"line":81,"column":3}},"locations":[{"start":{"line":37,"column":2},"end":{"line":81,"column":3}}]},"7":{"type":"branch","line":56,"loc":{"start":{"line":56,"column":33},"end":{"line":72,"column":155}},"locations":[{"start":{"line":56,"column":33},"end":{"line":72,"column":155}}]}},"b":{"0":[32],"1":[57],"2":[24],"3":[24],"4":[2],"5":[2],"6":[57],"7":[46]},"fnMap":{"0":{"name":"EmployeeTable","decl":{"start":{"line":11,"column":7},"end":{"line":14,"column":48}},"loc":{"start":{"line":11,"column":7},"end":{"line":14,"column":48}},"line":11},"1":{"name":"get allSelected","decl":{"start":{"line":18,"column":2},"end":{"line":20,"column":3}},"loc":{"start":{"line":18,"column":2},"end":{"line":20,"column":3}},"line":18},"2":{"name":"toggleAll","decl":{"start":{"line":21,"column":10},"end":{"line":26,"column":3}},"loc":{"start":{"line":21,"column":10},"end":{"line":26,"column":3}},"line":21},"3":{"name":"toggleOne","decl":{"start":{"line":27,"column":10},"end":{"line":32,"column":3}},"loc":{"start":{"line":27,"column":10},"end":{"line":32,"column":3}},"line":27},"4":{"name":"edit","decl":{"start":{"line":34,"column":10},"end":{"line":34,"column":149}},"loc":{"start":{"line":34,"column":10},"end":{"line":34,"column":149}},"line":34},"5":{"name":"del","decl":{"start":{"line":35,"column":10},"end":{"line":35,"column":150}},"loc":{"start":{"line":35,"column":10},"end":{"line":35,"column":150}},"line":35},"6":{"name":"render","decl":{"start":{"line":37,"column":2},"end":{"line":81,"column":3}},"loc":{"start":{"line":37,"column":2},"end":{"line":81,"column":3}},"line":37}},"f":{"0":32,"1":57,"2":0,"3":0,"4":2,"5":2,"6":57}}
,"C:\\Users\\koglakci\\Desktop\\work\\employeeManagement\\src\\components\\employee\\view-selector.ts": {"path":"C:\\Users\\koglakci\\Desktop\\work\\employeeManagement\\src\\components\\employee\\view-selector.ts","all":false,"statementMap":{"1":{"start":{"line":2,"column":0},"end":{"line":2,"column":44}},"2":{"start":{"line":3,"column":0},"end":{"line":3,"column":60}},"3":{"start":{"line":4,"column":0},"end":{"line":4,"column":55}},"5":{"start":{"line":6,"column":0},"end":{"line":6,"column":28}},"6":{"start":{"line":7,"column":0},"end":{"line":7,"column":28}},"10":{"start":{"line":11,"column":0},"end":{"line":11,"column":31}},"11":{"start":{"line":12,"column":0},"end":{"line":12,"column":46}},"12":{"start":{"line":13,"column":0},"end":{"line":13,"column":45}},"14":{"start":{"line":15,"column":0},"end":{"line":15,"column":48}},"16":{"start":{"line":17,"column":0},"end":{"line":17,"column":24}},"47":{"start":{"line":48,"column":0},"end":{"line":48,"column":36}},"48":{"start":{"line":49,"column":0},"end":{"line":49,"column":46}},"49":{"start":{"line":50,"column":0},"end":{"line":50,"column":32}},"50":{"start":{"line":51,"column":0},"end":{"line":51,"column":59}},"51":{"start":{"line":52,"column":0},"end":{"line":52,"column":43}},"52":{"start":{"line":53,"column":0},"end":{"line":53,"column":12}},"53":{"start":{"line":54,"column":0},"end":{"line":54,"column":5}},"55":{"start":{"line":56,"column":0},"end":{"line":56,"column":14}},"56":{"start":{"line":57,"column":0},"end":{"line":57,"column":20}},"60":{"start":{"line":61,"column":0},"end":{"line":61,"column":34}},"61":{"start":{"line":62,"column":0},"end":{"line":62,"column":39}},"62":{"start":{"line":63,"column":0},"end":{"line":63,"column":54}},"63":{"start":{"line":64,"column":0},"end":{"line":64,"column":46}},"70":{"start":{"line":71,"column":0},"end":{"line":71,"column":33}},"71":{"start":{"line":72,"column":0},"end":{"line":72,"column":38}},"72":{"start":{"line":73,"column":0},"end":{"line":73,"column":53}},"73":{"start":{"line":74,"column":0},"end":{"line":74,"column":45}},"79":{"start":{"line":80,"column":0},"end":{"line":80,"column":5}},"80":{"start":{"line":81,"column":0},"end":{"line":81,"column":1}}},"s":{"1":1,"2":1,"3":1,"5":1,"6":1,"10":1,"11":1,"12":28,"14":28,"16":1,"47":1,"48":2,"49":2,"50":2,"51":2,"52":2,"53":2,"55":1,"56":36,"60":36,"61":36,"62":36,"63":36,"70":36,"71":36,"72":36,"73":36,"79":36,"80":1},"branchMap":{"0":{"type":"branch","line":12,"loc":{"start":{"line":12,"column":7},"end":{"line":15,"column":48}},"locations":[{"start":{"line":12,"column":7},"end":{"line":15,"column":48}}]},"1":{"type":"branch","line":48,"loc":{"start":{"line":48,"column":12},"end":{"line":54,"column":5}},"locations":[{"start":{"line":48,"column":12},"end":{"line":54,"column":5}}]},"2":{"type":"branch","line":49,"loc":{"start":{"line":49,"column":39},"end":{"line":49,"column":46}},"locations":[{"start":{"line":49,"column":39},"end":{"line":49,"column":46}}]},"3":{"type":"branch","line":56,"loc":{"start":{"line":56,"column":4},"end":{"line":80,"column":5}},"locations":[{"start":{"line":56,"column":4},"end":{"line":80,"column":5}}]}},"b":{"0":[28],"1":[2],"2":[0],"3":[36]},"fnMap":{"0":{"name":"ViewSelector","decl":{"start":{"line":12,"column":7},"end":{"line":15,"column":48}},"loc":{"start":{"line":12,"column":7},"end":{"line":15,"column":48}},"line":12},"1":{"name":"change","decl":{"start":{"line":48,"column":12},"end":{"line":54,"column":5}},"loc":{"start":{"line":48,"column":12},"end":{"line":54,"column":5}},"line":48},"2":{"name":"render","decl":{"start":{"line":56,"column":4},"end":{"line":80,"column":5}},"loc":{"start":{"line":56,"column":4},"end":{"line":80,"column":5}},"line":56}},"f":{"0":28,"1":2,"2":36}}
,"C:\\Users\\koglakci\\Desktop\\work\\employeeManagement\\src\\components\\forms\\employee-form.ts": {"path":"C:\\Users\\koglakci\\Desktop\\work\\employeeManagement\\src\\components\\forms\\employee-form.ts","all":false,"statementMap":{"0":{"start":{"line":1,"column":0},"end":{"line":1,"column":44}},"1":{"start":{"line":2,"column":0},"end":{"line":2,"column":67}},"2":{"start":{"line":3,"column":0},"end":{"line":3,"column":54}},"3":{"start":{"line":4,"column":0},"end":{"line":4,"column":58}},"5":{"start":{"line":6,"column":0},"end":{"line":6,"column":83}},"6":{"start":{"line":7,"column":0},"end":{"line":7,"column":70}},"30":{"start":{"line":31,"column":0},"end":{"line":31,"column":31}},"31":{"start":{"line":32,"column":0},"end":{"line":32,"column":46}},"32":{"start":{"line":33,"column":0},"end":{"line":33,"column":45}},"33":{"start":{"line":34,"column":0},"end":{"line":34,"column":31}},"35":{"start":{"line":36,"column":0},"end":{"line":36,"column":50}},"36":{"start":{"line":37,"column":0},"end":{"line":37,"column":47}},"38":{"start":{"line":39,"column":0},"end":{"line":39,"column":41}},"39":{"start":{"line":40,"column":0},"end":{"line":40,"column":18}},"40":{"start":{"line":41,"column":0},"end":{"line":41,"column":17}},"41":{"start":{"line":42,"column":0},"end":{"line":42,"column":14}},"42":{"start":{"line":43,"column":0},"end":{"line":43,"column":14}},"43":{"start":{"line":44,"column":0},"end":{"line":44,"column":18}},"44":{"start":{"line":45,"column":0},"end":{"line":45,"column":23}},"45":{"start":{"line":46,"column":0},"end":{"line":46,"column":19}},"46":{"start":{"line":47,"column":0},"end":{"line":47,"column":16}},"47":{"start":{"line":48,"column":0},"end":{"line":48,"column":4}},"49":{"start":{"line":50,"column":0},"end":{"line":50,"column":43}},"50":{"start":{"line":51,"column":0},"end":{"line":51,"column":63}},"51":{"start":{"line":52,"column":0},"end":{"line":52,"column":21}},"52":{"start":{"line":53,"column":0},"end":{"line":53,"column":20}},"53":{"start":{"line":54,"column":0},"end":{"line":54,"column":17}},"54":{"start":{"line":55,"column":0},"end":{"line":55,"column":17}},"55":{"start":{"line":56,"column":0},"end":{"line":56,"column":21}},"56":{"start":{"line":57,"column":0},"end":{"line":57,"column":26}},"57":{"start":{"line":58,"column":0},"end":{"line":58,"column":22}},"58":{"start":{"line":59,"column":0},"end":{"line":59,"column":19}},"59":{"start":{"line":60,"column":0},"end":{"line":60,"column":4}},"61":{"start":{"line":62,"column":0},"end":{"line":62,"column":23}},"62":{"start":{"line":63,"column":0},"end":{"line":63,"column":30}},"63":{"start":{"line":64,"column":0},"end":{"line":64,"column":26}},"64":{"start":{"line":65,"column":0},"end":{"line":65,"column":3}},"66":{"start":{"line":67,"column":0},"end":{"line":67,"column":18}},"67":{"start":{"line":68,"column":0},"end":{"line":68,"column":30}},"68":{"start":{"line":69,"column":0},"end":{"line":69,"column":3}},"70":{"start":{"line":71,"column":0},"end":{"line":71,"column":70}},"71":{"start":{"line":72,"column":0},"end":{"line":72,"column":44}},"72":{"start":{"line":73,"column":0},"end":{"line":73,"column":28}},"73":{"start":{"line":74,"column":0},"end":{"line":74,"column":32}},"74":{"start":{"line":75,"column":0},"end":{"line":75,"column":5}},"75":{"start":{"line":76,"column":0},"end":{"line":76,"column":3}},"77":{"start":{"line":78,"column":0},"end":{"line":78,"column":32}},"79":{"start":{"line":80,"column":0},"end":{"line":80,"column":33}},"80":{"start":{"line":81,"column":0},"end":{"line":81,"column":98}},"81":{"start":{"line":82,"column":0},"end":{"line":82,"column":94}},"83":{"start":{"line":84,"column":0},"end":{"line":84,"column":57}},"84":{"start":{"line":85,"column":0},"end":{"line":85,"column":58}},"85":{"start":{"line":86,"column":0},"end":{"line":86,"column":7}},"87":{"start":{"line":88,"column":0},"end":{"line":88,"column":53}},"88":{"start":{"line":89,"column":0},"end":{"line":89,"column":54}},"89":{"start":{"line":90,"column":0},"end":{"line":90,"column":7}},"90":{"start":{"line":91,"column":0},"end":{"line":91,"column":7}},"91":{"start":{"line":92,"column":0},"end":{"line":92,"column":3}},"93":{"start":{"line":94,"column":0},"end":{"line":94,"column":28}},"94":{"start":{"line":95,"column":0},"end":{"line":95,"column":24}},"95":{"start":{"line":96,"column":0},"end":{"line":96,"column":23}},"96":{"start":{"line":97,"column":0},"end":{"line":97,"column":49}},"97":{"start":{"line":98,"column":0},"end":{"line":98,"column":47}},"98":{"start":{"line":99,"column":0},"end":{"line":99,"column":41}},"99":{"start":{"line":100,"column":0},"end":{"line":100,"column":41}},"100":{"start":{"line":101,"column":0},"end":{"line":101,"column":49}},"101":{"start":{"line":102,"column":0},"end":{"line":102,"column":59}},"102":{"start":{"line":103,"column":0},"end":{"line":103,"column":51}},"103":{"start":{"line":104,"column":0},"end":{"line":104,"column":46}},"104":{"start":{"line":105,"column":0},"end":{"line":105,"column":8}},"105":{"start":{"line":106,"column":0},"end":{"line":106,"column":12}},"106":{"start":{"line":107,"column":0},"end":{"line":107,"column":23}},"107":{"start":{"line":108,"column":0},"end":{"line":108,"column":22}},"108":{"start":{"line":109,"column":0},"end":{"line":109,"column":21}},"109":{"start":{"line":110,"column":0},"end":{"line":110,"column":18}},"110":{"start":{"line":111,"column":0},"end":{"line":111,"column":18}},"111":{"start":{"line":112,"column":0},"end":{"line":112,"column":22}},"112":{"start":{"line":113,"column":0},"end":{"line":113,"column":27}},"113":{"start":{"line":114,"column":0},"end":{"line":114,"column":23}},"114":{"start":{"line":115,"column":0},"end":{"line":115,"column":20}},"115":{"start":{"line":116,"column":0},"end":{"line":116,"column":8}},"116":{"start":{"line":117,"column":0},"end":{"line":117,"column":5}},"117":{"start":{"line":118,"column":0},"end":{"line":118,"column":21}},"118":{"start":{"line":119,"column":0},"end":{"line":119,"column":20}},"119":{"start":{"line":120,"column":0},"end":{"line":120,"column":23}},"120":{"start":{"line":121,"column":0},"end":{"line":121,"column":22}},"121":{"start":{"line":122,"column":0},"end":{"line":122,"column":19}},"122":{"start":{"line":123,"column":0},"end":{"line":123,"column":19}},"123":{"start":{"line":124,"column":0},"end":{"line":124,"column":23}},"124":{"start":{"line":125,"column":0},"end":{"line":125,"column":28}},"125":{"start":{"line":126,"column":0},"end":{"line":126,"column":24}},"126":{"start":{"line":127,"column":0},"end":{"line":127,"column":21}},"127":{"start":{"line":128,"column":0},"end":{"line":128,"column":6}},"128":{"start":{"line":129,"column":0},"end":{"line":129,"column":3}},"130":{"start":{"line":131,"column":0},"end":{"line":131,"column":83}},"131":{"start":{"line":132,"column":0},"end":{"line":132,"column":20}},"132":{"start":{"line":133,"column":0},"end":{"line":133,"column":23}},"133":{"start":{"line":134,"column":0},"end":{"line":134,"column":22}},"134":{"start":{"line":135,"column":0},"end":{"line":135,"column":118}},"136":{"start":{"line":137,"column":0},"end":{"line":137,"column":19}},"137":{"start":{"line":138,"column":0},"end":{"line":138,"column":66}},"138":{"start":{"line":139,"column":0},"end":{"line":139,"column":87}},"140":{"start":{"line":141,"column":0},"end":{"line":141,"column":19}},"141":{"start":{"line":142,"column":0},"end":{"line":142,"column":66}},"142":{"start":{"line":143,"column":0},"end":{"line":143,"column":86}},"144":{"start":{"line":145,"column":0},"end":{"line":145,"column":23}},"145":{"start":{"line":146,"column":0},"end":{"line":146,"column":28}},"146":{"start":{"line":147,"column":0},"end":{"line":147,"column":115}},"147":{"start":{"line":148,"column":0},"end":{"line":148,"column":77}},"149":{"start":{"line":150,"column":0},"end":{"line":150,"column":24}},"150":{"start":{"line":151,"column":0},"end":{"line":151,"column":80}},"152":{"start":{"line":153,"column":0},"end":{"line":153,"column":22}},"153":{"start":{"line":154,"column":0},"end":{"line":154,"column":78}},"155":{"start":{"line":156,"column":0},"end":{"line":156,"column":14}},"156":{"start":{"line":157,"column":0},"end":{"line":157,"column":25}},"157":{"start":{"line":158,"column":0},"end":{"line":158,"column":5}},"158":{"start":{"line":159,"column":0},"end":{"line":159,"column":3}},"160":{"start":{"line":161,"column":0},"end":{"line":161,"column":35}},"161":{"start":{"line":162,"column":0},"end":{"line":162,"column":37}},"162":{"start":{"line":163,"column":0},"end":{"line":163,"column":26}},"164":{"start":{"line":165,"column":0},"end":{"line":165,"column":47}},"165":{"start":{"line":166,"column":0},"end":{"line":166,"column":42}},"166":{"start":{"line":167,"column":0},"end":{"line":167,"column":68}},"167":{"start":{"line":168,"column":0},"end":{"line":168,"column":18}},"168":{"start":{"line":169,"column":0},"end":{"line":169,"column":33}},"169":{"start":{"line":170,"column":0},"end":{"line":170,"column":25}},"170":{"start":{"line":171,"column":0},"end":{"line":171,"column":7}},"171":{"start":{"line":172,"column":0},"end":{"line":172,"column":7}},"173":{"start":{"line":174,"column":0},"end":{"line":174,"column":28}},"174":{"start":{"line":175,"column":0},"end":{"line":175,"column":22}},"175":{"start":{"line":176,"column":0},"end":{"line":176,"column":3}},"177":{"start":{"line":178,"column":0},"end":{"line":178,"column":67}},"178":{"start":{"line":179,"column":0},"end":{"line":179,"column":57}},"179":{"start":{"line":180,"column":0},"end":{"line":180,"column":54}},"182":{"start":{"line":183,"column":0},"end":{"line":183,"column":51}},"183":{"start":{"line":184,"column":0},"end":{"line":184,"column":39}},"184":{"start":{"line":185,"column":0},"end":{"line":185,"column":59}},"185":{"start":{"line":186,"column":0},"end":{"line":186,"column":5}},"186":{"start":{"line":187,"column":0},"end":{"line":187,"column":3}},"188":{"start":{"line":189,"column":0},"end":{"line":189,"column":34}},"189":{"start":{"line":190,"column":0},"end":{"line":190,"column":23}},"192":{"start":{"line":193,"column":0},"end":{"line":193,"column":72}},"193":{"start":{"line":194,"column":0},"end":{"line":194,"column":40}},"194":{"start":{"line":195,"column":0},"end":{"line":195,"column":17}},"195":{"start":{"line":196,"column":0},"end":{"line":196,"column":46}},"196":{"start":{"line":197,"column":0},"end":{"line":197,"column":30}},"198":{"start":{"line":199,"column":0},"end":{"line":199,"column":30}},"199":{"start":{"line":200,"column":0},"end":{"line":200,"column":37}},"200":{"start":{"line":201,"column":0},"end":{"line":201,"column":93}},"201":{"start":{"line":202,"column":0},"end":{"line":202,"column":72}},"203":{"start":{"line":204,"column":0},"end":{"line":204,"column":61}},"204":{"start":{"line":205,"column":0},"end":{"line":205,"column":26}},"205":{"start":{"line":206,"column":0},"end":{"line":206,"column":21}},"206":{"start":{"line":207,"column":0},"end":{"line":207,"column":10}},"207":{"start":{"line":208,"column":0},"end":{"line":208,"column":5}},"208":{"start":{"line":209,"column":0},"end":{"line":209,"column":3}},"210":{"start":{"line":211,"column":0},"end":{"line":211,"column":26}},"211":{"start":{"line":212,"column":0},"end":{"line":212,"column":59}},"212":{"start":{"line":213,"column":0},"end":{"line":213,"column":19}},"213":{"start":{"line":214,"column":0},"end":{"line":214,"column":8}},"214":{"start":{"line":215,"column":0},"end":{"line":215,"column":3}},"216":{"start":{"line":217,"column":0},"end":{"line":217,"column":12}},"217":{"start":{"line":218,"column":0},"end":{"line":218,"column":37}},"219":{"start":{"line":220,"column":0},"end":{"line":220,"column":16}},"220":{"start":{"line":221,"column":0},"end":{"line":221,"column":59}},"223":{"start":{"line":224,"column":0},"end":{"line":224,"column":84}},"227":{"start":{"line":228,"column":0},"end":{"line":228,"column":98}},"228":{"start":{"line":229,"column":0},"end":{"line":229,"column":47}},"229":{"start":{"line":230,"column":0},"end":{"line":230,"column":111}},"230":{"start":{"line":231,"column":0},"end":{"line":231,"column":39}},"233":{"start":{"line":234,"column":0},"end":{"line":234,"column":61}},"234":{"start":{"line":235,"column":0},"end":{"line":235,"column":75}},"235":{"start":{"line":236,"column":0},"end":{"line":236,"column":13}},"239":{"start":{"line":240,"column":0},"end":{"line":240,"column":82}},"243":{"start":{"line":244,"column":0},"end":{"line":244,"column":96}},"244":{"start":{"line":245,"column":0},"end":{"line":245,"column":46}},"245":{"start":{"line":246,"column":0},"end":{"line":246,"column":110}},"246":{"start":{"line":247,"column":0},"end":{"line":247,"column":39}},"249":{"start":{"line":250,"column":0},"end":{"line":250,"column":59}},"250":{"start":{"line":251,"column":0},"end":{"line":251,"column":74}},"251":{"start":{"line":252,"column":0},"end":{"line":252,"column":13}},"255":{"start":{"line":256,"column":0},"end":{"line":256,"column":94}},"259":{"start":{"line":260,"column":0},"end":{"line":260,"column":59}},"260":{"start":{"line":261,"column":0},"end":{"line":261,"column":124}},"261":{"start":{"line":262,"column":0},"end":{"line":262,"column":52}},"262":{"start":{"line":263,"column":0},"end":{"line":263,"column":116}},"263":{"start":{"line":264,"column":0},"end":{"line":264,"column":39}},"266":{"start":{"line":267,"column":0},"end":{"line":267,"column":71}},"267":{"start":{"line":268,"column":0},"end":{"line":268,"column":80}},"268":{"start":{"line":269,"column":0},"end":{"line":269,"column":13}},"272":{"start":{"line":273,"column":0},"end":{"line":273,"column":84}},"276":{"start":{"line":277,"column":0},"end":{"line":277,"column":114}},"277":{"start":{"line":278,"column":0},"end":{"line":278,"column":47}},"278":{"start":{"line":279,"column":0},"end":{"line":279,"column":59}},"279":{"start":{"line":280,"column":0},"end":{"line":280,"column":111}},"280":{"start":{"line":281,"column":0},"end":{"line":281,"column":39}},"283":{"start":{"line":284,"column":0},"end":{"line":284,"column":61}},"284":{"start":{"line":285,"column":0},"end":{"line":285,"column":75}},"285":{"start":{"line":286,"column":0},"end":{"line":286,"column":13}},"289":{"start":{"line":290,"column":0},"end":{"line":290,"column":76}},"293":{"start":{"line":294,"column":0},"end":{"line":294,"column":90}},"294":{"start":{"line":295,"column":0},"end":{"line":295,"column":43}},"295":{"start":{"line":296,"column":0},"end":{"line":296,"column":107}},"296":{"start":{"line":297,"column":0},"end":{"line":297,"column":39}},"300":{"start":{"line":301,"column":0},"end":{"line":301,"column":53}},"301":{"start":{"line":302,"column":0},"end":{"line":302,"column":71}},"302":{"start":{"line":303,"column":0},"end":{"line":303,"column":13}},"306":{"start":{"line":307,"column":0},"end":{"line":307,"column":76}},"310":{"start":{"line":311,"column":0},"end":{"line":311,"column":90}},"311":{"start":{"line":312,"column":0},"end":{"line":312,"column":43}},"312":{"start":{"line":313,"column":0},"end":{"line":313,"column":107}},"313":{"start":{"line":314,"column":0},"end":{"line":314,"column":39}},"316":{"start":{"line":317,"column":0},"end":{"line":317,"column":53}},"317":{"start":{"line":318,"column":0},"end":{"line":318,"column":71}},"318":{"start":{"line":319,"column":0},"end":{"line":319,"column":13}},"322":{"start":{"line":323,"column":0},"end":{"line":323,"column":86}},"325":{"start":{"line":326,"column":0},"end":{"line":326,"column":101}},"326":{"start":{"line":327,"column":0},"end":{"line":327,"column":114}},"327":{"start":{"line":328,"column":0},"end":{"line":328,"column":39}},"330":{"start":{"line":331,"column":0},"end":{"line":331,"column":69}},"331":{"start":{"line":332,"column":0},"end":{"line":332,"column":45}},"332":{"start":{"line":333,"column":0},"end":{"line":333,"column":85}},"333":{"start":{"line":334,"column":0},"end":{"line":334,"column":25}},"335":{"start":{"line":336,"column":0},"end":{"line":336,"column":17}},"337":{"start":{"line":338,"column":0},"end":{"line":338,"column":63}},"338":{"start":{"line":339,"column":0},"end":{"line":339,"column":76}},"339":{"start":{"line":340,"column":0},"end":{"line":340,"column":13}},"343":{"start":{"line":344,"column":0},"end":{"line":344,"column":82}},"346":{"start":{"line":347,"column":0},"end":{"line":347,"column":97}},"347":{"start":{"line":348,"column":0},"end":{"line":348,"column":112}},"348":{"start":{"line":349,"column":0},"end":{"line":349,"column":39}},"351":{"start":{"line":352,"column":0},"end":{"line":352,"column":67}},"352":{"start":{"line":353,"column":0},"end":{"line":353,"column":42}},"353":{"start":{"line":354,"column":0},"end":{"line":354,"column":81}},"354":{"start":{"line":355,"column":0},"end":{"line":355,"column":24}},"356":{"start":{"line":357,"column":0},"end":{"line":357,"column":17}},"358":{"start":{"line":359,"column":0},"end":{"line":359,"column":59}},"359":{"start":{"line":360,"column":0},"end":{"line":360,"column":74}},"360":{"start":{"line":361,"column":0},"end":{"line":361,"column":13}},"368":{"start":{"line":369,"column":0},"end":{"line":369,"column":37}},"370":{"start":{"line":371,"column":0},"end":{"line":371,"column":26}},"371":{"start":{"line":372,"column":0},"end":{"line":372,"column":15}},"374":{"start":{"line":375,"column":0},"end":{"line":375,"column":71}},"377":{"start":{"line":378,"column":0},"end":{"line":378,"column":24}},"378":{"start":{"line":379,"column":0},"end":{"line":379,"column":7}},"383":{"start":{"line":384,"column":0},"end":{"line":384,"column":39}},"384":{"start":{"line":385,"column":0},"end":{"line":385,"column":37}},"386":{"start":{"line":387,"column":0},"end":{"line":387,"column":31}},"391":{"start":{"line":392,"column":0},"end":{"line":392,"column":3}},"392":{"start":{"line":393,"column":0},"end":{"line":393,"column":1}}},"s":{"0":1,"1":1,"2":1,"3":1,"5":1,"6":1,"30":1,"31":1,"32":93,"33":93,"35":93,"36":93,"38":93,"39":93,"40":93,"41":93,"42":93,"43":93,"44":93,"45":93,"46":93,"47":93,"49":93,"50":93,"51":93,"52":93,"53":93,"54":93,"55":93,"56":93,"57":93,"58":93,"59":93,"61":1,"62":93,"63":93,"64":93,"66":1,"67":93,"68":93,"70":1,"71":196,"72":38,"73":38,"74":38,"75":196,"77":1,"79":131,"80":131,"81":131,"83":131,"84":75,"85":75,"87":131,"88":75,"89":75,"90":131,"91":131,"93":1,"94":131,"95":68,"96":68,"97":68,"98":68,"99":68,"100":68,"101":68,"102":68,"103":68,"104":68,"105":131,"106":63,"107":63,"108":63,"109":63,"110":63,"111":63,"112":63,"113":63,"114":63,"115":63,"116":63,"117":131,"118":131,"119":131,"120":131,"121":131,"122":131,"123":131,"124":131,"125":131,"126":131,"127":131,"128":131,"130":1,"131":78,"132":78,"133":78,"134":20,"136":78,"137":10,"138":10,"140":78,"141":9,"142":9,"144":78,"145":78,"146":20,"147":20,"149":78,"150":9,"152":78,"153":9,"155":78,"156":1,"157":78,"158":78,"160":1,"161":5,"162":5,"164":5,"165":41,"166":41,"167":41,"168":16,"169":16,"170":16,"171":5,"173":5,"174":5,"175":5,"177":1,"178":8,"179":8,"182":8,"183":8,"184":1,"185":1,"186":8,"188":1,"189":3,"192":3,"193":25,"194":25,"195":3,"196":3,"198":3,"199":2,"200":1,"201":1,"203":2,"204":2,"205":2,"206":2,"207":2,"208":3,"210":1,"211":1,"212":1,"213":1,"214":1,"216":1,"217":196,"219":196,"220":196,"223":196,"227":196,"228":196,"229":196,"230":196,"233":196,"234":2,"235":196,"239":196,"243":196,"244":196,"245":196,"246":196,"249":196,"250":1,"251":196,"255":196,"259":196,"260":196,"261":196,"262":196,"263":196,"266":196,"267":1,"268":196,"272":196,"276":196,"277":196,"278":196,"279":196,"280":196,"283":196,"284":1,"285":196,"289":196,"293":196,"294":196,"295":196,"296":196,"300":196,"301":1,"302":196,"306":196,"310":196,"311":196,"312":196,"313":196,"316":196,"317":1,"318":196,"322":196,"325":196,"326":196,"327":196,"330":196,"331":196,"332":392,"333":392,"335":196,"337":196,"338":1,"339":196,"343":196,"346":196,"347":196,"348":196,"351":196,"352":196,"353":588,"354":588,"356":196,"358":196,"359":1,"360":196,"368":196,"370":196,"371":24,"374":24,"377":172,"378":196,"383":196,"384":196,"386":196,"391":196,"392":1},"branchMap":{"0":{"type":"branch","line":32,"loc":{"start":{"line":32,"column":7},"end":{"line":60,"column":4}},"locations":[{"start":{"line":32,"column":7},"end":{"line":60,"column":4}}]},"1":{"type":"branch","line":62,"loc":{"start":{"line":62,"column":2},"end":{"line":65,"column":3}},"locations":[{"start":{"line":62,"column":2},"end":{"line":65,"column":3}}]},"2":{"type":"branch","line":67,"loc":{"start":{"line":67,"column":2},"end":{"line":69,"column":3}},"locations":[{"start":{"line":67,"column":2},"end":{"line":69,"column":3}}]},"3":{"type":"branch","line":71,"loc":{"start":{"line":71,"column":2},"end":{"line":76,"column":3}},"locations":[{"start":{"line":71,"column":2},"end":{"line":76,"column":3}}]},"4":{"type":"branch","line":72,"loc":{"start":{"line":72,"column":43},"end":{"line":75,"column":5}},"locations":[{"start":{"line":72,"column":43},"end":{"line":75,"column":5}}]},"5":{"type":"branch","line":78,"loc":{"start":{"line":78,"column":10},"end":{"line":92,"column":3}},"locations":[{"start":{"line":78,"column":10},"end":{"line":92,"column":3}}]},"6":{"type":"branch","line":80,"loc":{"start":{"line":80,"column":26},"end":{"line":91,"column":5}},"locations":[{"start":{"line":80,"column":26},"end":{"line":91,"column":5}}]},"7":{"type":"branch","line":84,"loc":{"start":{"line":84,"column":56},"end":{"line":86,"column":7}},"locations":[{"start":{"line":84,"column":56},"end":{"line":86,"column":7}}]},"8":{"type":"branch","line":88,"loc":{"start":{"line":88,"column":52},"end":{"line":90,"column":7}},"locations":[{"start":{"line":88,"column":52},"end":{"line":90,"column":7}}]},"9":{"type":"branch","line":94,"loc":{"start":{"line":94,"column":10},"end":{"line":129,"column":3}},"locations":[{"start":{"line":94,"column":10},"end":{"line":129,"column":3}}]},"10":{"type":"branch","line":95,"loc":{"start":{"line":95,"column":23},"end":{"line":106,"column":11}},"locations":[{"start":{"line":95,"column":23},"end":{"line":106,"column":11}}]},"11":{"type":"branch","line":97,"loc":{"start":{"line":97,"column":33},"end":{"line":97,"column":49}},"locations":[{"start":{"line":97,"column":33},"end":{"line":97,"column":49}}]},"12":{"type":"branch","line":98,"loc":{"start":{"line":98,"column":32},"end":{"line":98,"column":47}},"locations":[{"start":{"line":98,"column":32},"end":{"line":98,"column":47}}]},"13":{"type":"branch","line":99,"loc":{"start":{"line":99,"column":29},"end":{"line":99,"column":41}},"locations":[{"start":{"line":99,"column":29},"end":{"line":99,"column":41}}]},"14":{"type":"branch","line":100,"loc":{"start":{"line":100,"column":29},"end":{"line":100,"column":41}},"locations":[{"start":{"line":100,"column":29},"end":{"line":100,"column":41}}]},"15":{"type":"branch","line":101,"loc":{"start":{"line":101,"column":33},"end":{"line":101,"column":49}},"locations":[{"start":{"line":101,"column":33},"end":{"line":101,"column":49}}]},"16":{"type":"branch","line":102,"loc":{"start":{"line":102,"column":38},"end":{"line":102,"column":59}},"locations":[{"start":{"line":102,"column":38},"end":{"line":102,"column":59}}]},"17":{"type":"branch","line":103,"loc":{"start":{"line":103,"column":34},"end":{"line":103,"column":51}},"locations":[{"start":{"line":103,"column":34},"end":{"line":103,"column":51}}]},"18":{"type":"branch","line":104,"loc":{"start":{"line":104,"column":32},"end":{"line":104,"column":46}},"locations":[{"start":{"line":104,"column":32},"end":{"line":104,"column":46}}]},"19":{"type":"branch","line":106,"loc":{"start":{"line":106,"column":4},"end":{"line":117,"column":5}},"locations":[{"start":{"line":106,"column":4},"end":{"line":117,"column":5}}]},"20":{"type":"branch","line":131,"loc":{"start":{"line":131,"column":10},"end":{"line":159,"column":3}},"locations":[{"start":{"line":131,"column":10},"end":{"line":159,"column":3}}]},"21":{"type":"branch","line":133,"loc":{"start":{"line":133,"column":6},"end":{"line":133,"column":23}},"locations":[{"start":{"line":133,"column":6},"end":{"line":133,"column":23}}]},"22":{"type":"branch","line":134,"loc":{"start":{"line":134,"column":6},"end":{"line":135,"column":118}},"locations":[{"start":{"line":134,"column":6},"end":{"line":135,"column":118}}]},"23":{"type":"branch","line":135,"loc":{"start":{"line":135,"column":39},"end":{"line":135,"column":108}},"locations":[{"start":{"line":135,"column":39},"end":{"line":135,"column":108}}]},"24":{"type":"branch","line":135,"loc":{"start":{"line":135,"column":56},"end":{"line":135,"column":80}},"locations":[{"start":{"line":135,"column":56},"end":{"line":135,"column":80}}]},"25":{"type":"branch","line":135,"loc":{"start":{"line":135,"column":70},"end":{"line":135,"column":86}},"locations":[{"start":{"line":135,"column":70},"end":{"line":135,"column":86}}]},"26":{"type":"branch","line":135,"loc":{"start":{"line":135,"column":86},"end":{"line":135,"column":118}},"locations":[{"start":{"line":135,"column":86},"end":{"line":135,"column":118}}]},"27":{"type":"branch","line":137,"loc":{"start":{"line":137,"column":6},"end":{"line":139,"column":87}},"locations":[{"start":{"line":137,"column":6},"end":{"line":139,"column":87}}]},"28":{"type":"branch","line":138,"loc":{"start":{"line":138,"column":39},"end":{"line":138,"column":66}},"locations":[{"start":{"line":138,"column":39},"end":{"line":138,"column":66}}]},"29":{"type":"branch","line":138,"loc":{"start":{"line":138,"column":46},"end":{"line":139,"column":38}},"locations":[{"start":{"line":138,"column":46},"end":{"line":139,"column":38}}]},"30":{"type":"branch","line":139,"loc":{"start":{"line":139,"column":34},"end":{"line":139,"column":77}},"locations":[{"start":{"line":139,"column":34},"end":{"line":139,"column":77}}]},"31":{"type":"branch","line":139,"loc":{"start":{"line":139,"column":38},"end":{"line":139,"column":87}},"locations":[{"start":{"line":139,"column":38},"end":{"line":139,"column":87}}]},"32":{"type":"branch","line":141,"loc":{"start":{"line":141,"column":6},"end":{"line":143,"column":86}},"locations":[{"start":{"line":141,"column":6},"end":{"line":143,"column":86}}]},"33":{"type":"branch","line":142,"loc":{"start":{"line":142,"column":39},"end":{"line":142,"column":66}},"locations":[{"start":{"line":142,"column":39},"end":{"line":142,"column":66}}]},"34":{"type":"branch","line":142,"loc":{"start":{"line":142,"column":46},"end":{"line":143,"column":38}},"locations":[{"start":{"line":142,"column":46},"end":{"line":143,"column":38}}]},"35":{"type":"branch","line":143,"loc":{"start":{"line":143,"column":34},"end":{"line":143,"column":76}},"locations":[{"start":{"line":143,"column":34},"end":{"line":143,"column":76}}]},"36":{"type":"branch","line":143,"loc":{"start":{"line":143,"column":38},"end":{"line":143,"column":86}},"locations":[{"start":{"line":143,"column":38},"end":{"line":143,"column":86}}]},"37":{"type":"branch","line":145,"loc":{"start":{"line":145,"column":6},"end":{"line":145,"column":23}},"locations":[{"start":{"line":145,"column":6},"end":{"line":145,"column":23}}]},"38":{"type":"branch","line":146,"loc":{"start":{"line":146,"column":6},"end":{"line":148,"column":77}},"locations":[{"start":{"line":146,"column":6},"end":{"line":148,"column":77}}]},"39":{"type":"branch","line":147,"loc":{"start":{"line":147,"column":39},"end":{"line":147,"column":115}},"locations":[{"start":{"line":147,"column":39},"end":{"line":147,"column":115}}]},"40":{"type":"branch","line":147,"loc":{"start":{"line":147,"column":59},"end":{"line":147,"column":83}},"locations":[{"start":{"line":147,"column":59},"end":{"line":147,"column":83}}]},"41":{"type":"branch","line":147,"loc":{"start":{"line":147,"column":73},"end":{"line":147,"column":95}},"locations":[{"start":{"line":147,"column":73},"end":{"line":147,"column":95}}]},"42":{"type":"branch","line":147,"loc":{"start":{"line":147,"column":95},"end":{"line":148,"column":37}},"locations":[{"start":{"line":147,"column":95},"end":{"line":148,"column":37}}]},"43":{"type":"branch","line":148,"loc":{"start":{"line":148,"column":33},"end":{"line":148,"column":67}},"locations":[{"start":{"line":148,"column":33},"end":{"line":148,"column":67}}]},"44":{"type":"branch","line":148,"loc":{"start":{"line":148,"column":37},"end":{"line":148,"column":77}},"locations":[{"start":{"line":148,"column":37},"end":{"line":148,"column":77}}]},"45":{"type":"branch","line":150,"loc":{"start":{"line":150,"column":6},"end":{"line":151,"column":80}},"locations":[{"start":{"line":150,"column":6},"end":{"line":151,"column":80}}]},"46":{"type":"branch","line":151,"loc":{"start":{"line":151,"column":39},"end":{"line":151,"column":70}},"locations":[{"start":{"line":151,"column":39},"end":{"line":151,"column":70}}]},"47":{"type":"branch","line":151,"loc":{"start":{"line":151,"column":43},"end":{"line":151,"column":80}},"locations":[{"start":{"line":151,"column":43},"end":{"line":151,"column":80}}]},"48":{"type":"branch","line":153,"loc":{"start":{"line":153,"column":6},"end":{"line":154,"column":78}},"locations":[{"start":{"line":153,"column":6},"end":{"line":154,"column":78}}]},"49":{"type":"branch","line":154,"loc":{"start":{"line":154,"column":39},"end":{"line":154,"column":68}},"locations":[{"start":{"line":154,"column":39},"end":{"line":154,"column":68}}]},"50":{"type":"branch","line":154,"loc":{"start":{"line":154,"column":43},"end":{"line":154,"column":78}},"locations":[{"start":{"line":154,"column":43},"end":{"line":154,"column":78}}]},"51":{"type":"branch","line":156,"loc":{"start":{"line":156,"column":6},"end":{"line":157,"column":25}},"locations":[{"start":{"line":156,"column":6},"end":{"line":157,"column":25}}]},"52":{"type":"branch","line":161,"loc":{"start":{"line":161,"column":10},"end":{"line":176,"column":3}},"locations":[{"start":{"line":161,"column":10},"end":{"line":176,"column":3}}]},"53":{"type":"branch","line":165,"loc":{"start":{"line":165,"column":39},"end":{"line":172,"column":5}},"locations":[{"start":{"line":165,"column":39},"end":{"line":172,"column":5}}]},"54":{"type":"branch","line":168,"loc":{"start":{"line":168,"column":17},"end":{"line":171,"column":7}},"locations":[{"start":{"line":168,"column":17},"end":{"line":171,"column":7}}]},"55":{"type":"branch","line":178,"loc":{"start":{"line":178,"column":10},"end":{"line":187,"column":3}},"locations":[{"start":{"line":178,"column":10},"end":{"line":187,"column":3}}]},"56":{"type":"branch","line":184,"loc":{"start":{"line":184,"column":38},"end":{"line":186,"column":5}},"locations":[{"start":{"line":184,"column":38},"end":{"line":186,"column":5}}]},"57":{"type":"branch","line":189,"loc":{"start":{"line":189,"column":10},"end":{"line":209,"column":3}},"locations":[{"start":{"line":189,"column":10},"end":{"line":209,"column":3}}]},"58":{"type":"branch","line":199,"loc":{"start":{"line":199,"column":29},"end":{"line":208,"column":5}},"locations":[{"start":{"line":199,"column":29},"end":{"line":208,"column":5}}]},"59":{"type":"branch","line":200,"loc":{"start":{"line":200,"column":29},"end":{"line":201,"column":93}},"locations":[{"start":{"line":200,"column":29},"end":{"line":201,"column":93}}]},"60":{"type":"branch","line":201,"loc":{"start":{"line":201,"column":92},"end":{"line":202,"column":72}},"locations":[{"start":{"line":201,"column":92},"end":{"line":202,"column":72}}]},"61":{"type":"branch","line":193,"loc":{"start":{"line":193,"column":57},"end":{"line":196,"column":7}},"locations":[{"start":{"line":193,"column":57},"end":{"line":196,"column":7}}]},"62":{"type":"branch","line":211,"loc":{"start":{"line":211,"column":10},"end":{"line":215,"column":3}},"locations":[{"start":{"line":211,"column":10},"end":{"line":215,"column":3}}]},"63":{"type":"branch","line":217,"loc":{"start":{"line":217,"column":2},"end":{"line":392,"column":3}},"locations":[{"start":{"line":217,"column":2},"end":{"line":392,"column":3}}]},"64":{"type":"branch","line":228,"loc":{"start":{"line":228,"column":46},"end":{"line":228,"column":84}},"locations":[{"start":{"line":228,"column":46},"end":{"line":228,"column":84}}]},"65":{"type":"branch","line":228,"loc":{"start":{"line":228,"column":72},"end":{"line":228,"column":94}},"locations":[{"start":{"line":228,"column":72},"end":{"line":228,"column":94}}]},"66":{"type":"branch","line":228,"loc":{"start":{"line":228,"column":84},"end":{"line":228,"column":96}},"locations":[{"start":{"line":228,"column":84},"end":{"line":228,"column":96}}]},"67":{"type":"branch","line":234,"loc":{"start":{"line":234,"column":26},"end":{"line":234,"column":61}},"locations":[{"start":{"line":234,"column":26},"end":{"line":234,"column":61}}]},"68":{"type":"branch","line":234,"loc":{"start":{"line":234,"column":52},"end":{"line":235,"column":75}},"locations":[{"start":{"line":234,"column":52},"end":{"line":235,"column":75}}]},"69":{"type":"branch","line":235,"loc":{"start":{"line":235,"column":66},"end":{"line":236,"column":12}},"locations":[{"start":{"line":235,"column":66},"end":{"line":236,"column":12}}]},"70":{"type":"branch","line":244,"loc":{"start":{"line":244,"column":46},"end":{"line":244,"column":82}},"locations":[{"start":{"line":244,"column":46},"end":{"line":244,"column":82}}]},"71":{"type":"branch","line":244,"loc":{"start":{"line":244,"column":71},"end":{"line":244,"column":92}},"locations":[{"start":{"line":244,"column":71},"end":{"line":244,"column":92}}]},"72":{"type":"branch","line":244,"loc":{"start":{"line":244,"column":82},"end":{"line":244,"column":94}},"locations":[{"start":{"line":244,"column":82},"end":{"line":244,"column":94}}]},"73":{"type":"branch","line":250,"loc":{"start":{"line":250,"column":26},"end":{"line":250,"column":59}},"locations":[{"start":{"line":250,"column":26},"end":{"line":250,"column":59}}]},"74":{"type":"branch","line":250,"loc":{"start":{"line":250,"column":51},"end":{"line":251,"column":74}},"locations":[{"start":{"line":250,"column":51},"end":{"line":251,"column":74}}]},"75":{"type":"branch","line":251,"loc":{"start":{"line":251,"column":65},"end":{"line":252,"column":12}},"locations":[{"start":{"line":251,"column":65},"end":{"line":252,"column":12}}]},"76":{"type":"branch","line":261,"loc":{"start":{"line":261,"column":62},"end":{"line":261,"column":110}},"locations":[{"start":{"line":261,"column":62},"end":{"line":261,"column":110}}]},"77":{"type":"branch","line":261,"loc":{"start":{"line":261,"column":93},"end":{"line":261,"column":120}},"locations":[{"start":{"line":261,"column":93},"end":{"line":261,"column":120}}]},"78":{"type":"branch","line":261,"loc":{"start":{"line":261,"column":110},"end":{"line":261,"column":122}},"locations":[{"start":{"line":261,"column":110},"end":{"line":261,"column":122}}]},"79":{"type":"branch","line":267,"loc":{"start":{"line":267,"column":26},"end":{"line":267,"column":71}},"locations":[{"start":{"line":267,"column":26},"end":{"line":267,"column":71}}]},"80":{"type":"branch","line":267,"loc":{"start":{"line":267,"column":57},"end":{"line":268,"column":80}},"locations":[{"start":{"line":267,"column":57},"end":{"line":268,"column":80}}]},"81":{"type":"branch","line":268,"loc":{"start":{"line":268,"column":71},"end":{"line":269,"column":12}},"locations":[{"start":{"line":268,"column":71},"end":{"line":269,"column":12}}]},"82":{"type":"branch","line":277,"loc":{"start":{"line":277,"column":62},"end":{"line":277,"column":100}},"locations":[{"start":{"line":277,"column":62},"end":{"line":277,"column":100}}]},"83":{"type":"branch","line":277,"loc":{"start":{"line":277,"column":88},"end":{"line":277,"column":110}},"locations":[{"start":{"line":277,"column":88},"end":{"line":277,"column":110}}]},"84":{"type":"branch","line":277,"loc":{"start":{"line":277,"column":100},"end":{"line":277,"column":112}},"locations":[{"start":{"line":277,"column":100},"end":{"line":277,"column":112}}]},"85":{"type":"branch","line":284,"loc":{"start":{"line":284,"column":26},"end":{"line":284,"column":61}},"locations":[{"start":{"line":284,"column":26},"end":{"line":284,"column":61}}]},"86":{"type":"branch","line":284,"loc":{"start":{"line":284,"column":52},"end":{"line":285,"column":75}},"locations":[{"start":{"line":284,"column":52},"end":{"line":285,"column":75}}]},"87":{"type":"branch","line":285,"loc":{"start":{"line":285,"column":66},"end":{"line":286,"column":12}},"locations":[{"start":{"line":285,"column":66},"end":{"line":286,"column":12}}]},"88":{"type":"branch","line":294,"loc":{"start":{"line":294,"column":46},"end":{"line":294,"column":76}},"locations":[{"start":{"line":294,"column":46},"end":{"line":294,"column":76}}]},"89":{"type":"branch","line":294,"loc":{"start":{"line":294,"column":68},"end":{"line":294,"column":86}},"locations":[{"start":{"line":294,"column":68},"end":{"line":294,"column":86}}]},"90":{"type":"branch","line":294,"loc":{"start":{"line":294,"column":76},"end":{"line":294,"column":88}},"locations":[{"start":{"line":294,"column":76},"end":{"line":294,"column":88}}]},"91":{"type":"branch","line":301,"loc":{"start":{"line":301,"column":26},"end":{"line":301,"column":53}},"locations":[{"start":{"line":301,"column":26},"end":{"line":301,"column":53}}]},"92":{"type":"branch","line":301,"loc":{"start":{"line":301,"column":48},"end":{"line":302,"column":71}},"locations":[{"start":{"line":301,"column":48},"end":{"line":302,"column":71}}]},"93":{"type":"branch","line":302,"loc":{"start":{"line":302,"column":62},"end":{"line":303,"column":12}},"locations":[{"start":{"line":302,"column":62},"end":{"line":303,"column":12}}]},"94":{"type":"branch","line":311,"loc":{"start":{"line":311,"column":46},"end":{"line":311,"column":76}},"locations":[{"start":{"line":311,"column":46},"end":{"line":311,"column":76}}]},"95":{"type":"branch","line":311,"loc":{"start":{"line":311,"column":68},"end":{"line":311,"column":86}},"locations":[{"start":{"line":311,"column":68},"end":{"line":311,"column":86}}]},"96":{"type":"branch","line":311,"loc":{"start":{"line":311,"column":76},"end":{"line":311,"column":88}},"locations":[{"start":{"line":311,"column":76},"end":{"line":311,"column":88}}]},"97":{"type":"branch","line":317,"loc":{"start":{"line":317,"column":26},"end":{"line":317,"column":53}},"locations":[{"start":{"line":317,"column":26},"end":{"line":317,"column":53}}]},"98":{"type":"branch","line":317,"loc":{"start":{"line":317,"column":48},"end":{"line":318,"column":71}},"locations":[{"start":{"line":317,"column":48},"end":{"line":318,"column":71}}]},"99":{"type":"branch","line":318,"loc":{"start":{"line":318,"column":62},"end":{"line":319,"column":12}},"locations":[{"start":{"line":318,"column":62},"end":{"line":319,"column":12}}]},"100":{"type":"branch","line":326,"loc":{"start":{"line":326,"column":47},"end":{"line":326,"column":87}},"locations":[{"start":{"line":326,"column":47},"end":{"line":326,"column":87}}]},"101":{"type":"branch","line":326,"loc":{"start":{"line":326,"column":74},"end":{"line":326,"column":97}},"locations":[{"start":{"line":326,"column":74},"end":{"line":326,"column":97}}]},"102":{"type":"branch","line":326,"loc":{"start":{"line":326,"column":87},"end":{"line":326,"column":99}},"locations":[{"start":{"line":326,"column":87},"end":{"line":326,"column":99}}]},"103":{"type":"branch","line":338,"loc":{"start":{"line":338,"column":26},"end":{"line":338,"column":63}},"locations":[{"start":{"line":338,"column":26},"end":{"line":338,"column":63}}]},"104":{"type":"branch","line":338,"loc":{"start":{"line":338,"column":53},"end":{"line":339,"column":76}},"locations":[{"start":{"line":338,"column":53},"end":{"line":339,"column":76}}]},"105":{"type":"branch","line":339,"loc":{"start":{"line":339,"column":67},"end":{"line":340,"column":12}},"locations":[{"start":{"line":339,"column":67},"end":{"line":340,"column":12}}]},"106":{"type":"branch","line":347,"loc":{"start":{"line":347,"column":47},"end":{"line":347,"column":83}},"locations":[{"start":{"line":347,"column":47},"end":{"line":347,"column":83}}]},"107":{"type":"branch","line":347,"loc":{"start":{"line":347,"column":72},"end":{"line":347,"column":93}},"locations":[{"start":{"line":347,"column":72},"end":{"line":347,"column":93}}]},"108":{"type":"branch","line":347,"loc":{"start":{"line":347,"column":83},"end":{"line":347,"column":95}},"locations":[{"start":{"line":347,"column":83},"end":{"line":347,"column":95}}]},"109":{"type":"branch","line":359,"loc":{"start":{"line":359,"column":26},"end":{"line":359,"column":59}},"locations":[{"start":{"line":359,"column":26},"end":{"line":359,"column":59}}]},"110":{"type":"branch","line":359,"loc":{"start":{"line":359,"column":51},"end":{"line":360,"column":74}},"locations":[{"start":{"line":359,"column":51},"end":{"line":360,"column":74}}]},"111":{"type":"branch","line":360,"loc":{"start":{"line":360,"column":65},"end":{"line":361,"column":12}},"locations":[{"start":{"line":360,"column":65},"end":{"line":361,"column":12}}]},"112":{"type":"branch","line":371,"loc":{"start":{"line":371,"column":19},"end":{"line":375,"column":71}},"locations":[{"start":{"line":371,"column":19},"end":{"line":375,"column":71}}]},"113":{"type":"branch","line":375,"loc":{"start":{"line":375,"column":20},"end":{"line":375,"column":52}},"locations":[{"start":{"line":375,"column":20},"end":{"line":375,"column":52}}]},"114":{"type":"branch","line":375,"loc":{"start":{"line":375,"column":48},"end":{"line":375,"column":70}},"locations":[{"start":{"line":375,"column":48},"end":{"line":375,"column":70}}]},"115":{"type":"branch","line":375,"loc":{"start":{"line":375,"column":70},"end":{"line":378,"column":24}},"locations":[{"start":{"line":375,"column":70},"end":{"line":378,"column":24}}]},"116":{"type":"branch","line":332,"loc":{"start":{"line":332,"column":32},"end":{"line":334,"column":25}},"locations":[{"start":{"line":332,"column":32},"end":{"line":334,"column":25}}]},"117":{"type":"branch","line":353,"loc":{"start":{"line":353,"column":30},"end":{"line":355,"column":24}},"locations":[{"start":{"line":353,"column":30},"end":{"line":355,"column":24}}]}},"b":{"0":[93],"1":[93],"2":[93],"3":[196],"4":[38],"5":[131],"6":[131],"7":[75],"8":[75],"9":[131],"10":[68],"11":[0],"12":[0],"13":[0],"14":[0],"15":[0],"16":[0],"17":[0],"18":[0],"19":[63],"20":[78],"21":[12],"22":[20],"23":[8],"24":[4],"25":[4],"26":[12],"27":[10],"28":[3],"29":[7],"30":[3],"31":[4],"32":[9],"33":[3],"34":[6],"35":[1],"36":[5],"37":[10],"38":[20],"39":[6],"40":[3],"41":[3],"42":[14],"43":[4],"44":[10],"45":[9],"46":[4],"47":[5],"48":[9],"49":[4],"50":[5],"51":[1],"52":[5],"53":[41],"54":[16],"55":[8],"56":[1],"57":[3],"58":[2],"59":[1],"60":[1],"61":[25],"62":[1],"63":[196],"64":[4],"65":[2],"66":[194],"67":[4],"68":[2],"69":[194],"70":[1],"71":[1],"72":[195],"73":[1],"74":[1],"75":[195],"76":[1],"77":[1],"78":[195],"79":[1],"80":[1],"81":[195],"82":[1],"83":[1],"84":[195],"85":[1],"86":[1],"87":[195],"88":[1],"89":[1],"90":[195],"91":[1],"92":[1],"93":[195],"94":[1],"95":[1],"96":[195],"97":[1],"98":[1],"99":[195],"100":[1],"101":[1],"102":[195],"103":[1],"104":[1],"105":[195],"106":[1],"107":[1],"108":[195],"109":[1],"110":[1],"111":[195],"112":[24],"113":[12],"114":[12],"115":[172],"116":[392],"117":[588]},"fnMap":{"0":{"name":"EmployeeForm","decl":{"start":{"line":32,"column":7},"end":{"line":60,"column":4}},"loc":{"start":{"line":32,"column":7},"end":{"line":60,"column":4}},"line":32},"1":{"name":"connectedCallback","decl":{"start":{"line":62,"column":2},"end":{"line":65,"column":3}},"loc":{"start":{"line":62,"column":2},"end":{"line":65,"column":3}},"line":62},"2":{"name":"firstUpdated","decl":{"start":{"line":67,"column":2},"end":{"line":69,"column":3}},"loc":{"start":{"line":67,"column":2},"end":{"line":69,"column":3}},"line":67},"3":{"name":"updated","decl":{"start":{"line":71,"column":2},"end":{"line":76,"column":3}},"loc":{"start":{"line":71,"column":2},"end":{"line":76,"column":3}},"line":71},"4":{"name":"updateSelectValues","decl":{"start":{"line":78,"column":10},"end":{"line":92,"column":3}},"loc":{"start":{"line":78,"column":10},"end":{"line":92,"column":3}},"line":78},"5":{"name":"updateFormData","decl":{"start":{"line":94,"column":10},"end":{"line":129,"column":3}},"loc":{"start":{"line":94,"column":10},"end":{"line":129,"column":3}},"line":94},"6":{"name":"validateField","decl":{"start":{"line":131,"column":10},"end":{"line":159,"column":3}},"loc":{"start":{"line":131,"column":10},"end":{"line":159,"column":3}},"line":131},"7":{"name":"validateForm","decl":{"start":{"line":161,"column":10},"end":{"line":176,"column":3}},"loc":{"start":{"line":161,"column":10},"end":{"line":176,"column":3}},"line":161},"8":{"name":"handleInputChange","decl":{"start":{"line":178,"column":10},"end":{"line":187,"column":3}},"loc":{"start":{"line":178,"column":10},"end":{"line":187,"column":3}},"line":178},"9":{"name":"handleSubmit","decl":{"start":{"line":189,"column":10},"end":{"line":209,"column":3}},"loc":{"start":{"line":189,"column":10},"end":{"line":209,"column":3}},"line":189},"10":{"name":"handleCancel","decl":{"start":{"line":211,"column":10},"end":{"line":215,"column":3}},"loc":{"start":{"line":211,"column":10},"end":{"line":215,"column":3}},"line":211},"11":{"name":"render","decl":{"start":{"line":217,"column":2},"end":{"line":392,"column":3}},"loc":{"start":{"line":217,"column":2},"end":{"line":392,"column":3}},"line":217}},"f":{"0":93,"1":93,"2":93,"3":196,"4":131,"5":131,"6":78,"7":5,"8":8,"9":3,"10":1,"11":196}}
,"C:\\Users\\koglakci\\Desktop\\work\\employeeManagement\\src\\components\\icons\\icon-delete.ts": {"path":"C:\\Users\\koglakci\\Desktop\\work\\employeeManagement\\src\\components\\icons\\icon-delete.ts","all":false,"statementMap":{"0":{"start":{"line":1,"column":0},"end":{"line":1,"column":44}},"1":{"start":{"line":2,"column":0},"end":{"line":2,"column":60}},"2":{"start":{"line":3,"column":0},"end":{"line":3,"column":55}},"4":{"start":{"line":5,"column":0},"end":{"line":5,"column":29}},"5":{"start":{"line":6,"column":0},"end":{"line":6,"column":44}},"6":{"start":{"line":7,"column":0},"end":{"line":7,"column":47}},"7":{"start":{"line":8,"column":0},"end":{"line":8,"column":42}},"9":{"start":{"line":10,"column":0},"end":{"line":10,"column":24}},"18":{"start":{"line":19,"column":0},"end":{"line":19,"column":14}},"19":{"start":{"line":20,"column":0},"end":{"line":20,"column":50}},"20":{"start":{"line":21,"column":0},"end":{"line":21,"column":36}},"21":{"start":{"line":22,"column":0},"end":{"line":22,"column":37}},"22":{"start":{"line":23,"column":0},"end":{"line":23,"column":10}},"23":{"start":{"line":24,"column":0},"end":{"line":24,"column":52}},"25":{"start":{"line":26,"column":0},"end":{"line":26,"column":20}},"27":{"start":{"line":28,"column":0},"end":{"line":28,"column":39}},"31":{"start":{"line":32,"column":0},"end":{"line":32,"column":5}},"32":{"start":{"line":33,"column":0},"end":{"line":33,"column":1}}},"s":{"0":1,"1":1,"2":1,"4":1,"5":1,"6":62,"7":62,"9":1,"18":1,"19":62,"20":62,"21":62,"22":62,"23":62,"25":62,"27":62,"31":62,"32":1},"branchMap":{"0":{"type":"branch","line":6,"loc":{"start":{"line":6,"column":7},"end":{"line":8,"column":42}},"locations":[{"start":{"line":6,"column":7},"end":{"line":8,"column":42}}]},"1":{"type":"branch","line":19,"loc":{"start":{"line":19,"column":4},"end":{"line":32,"column":5}},"locations":[{"start":{"line":19,"column":4},"end":{"line":32,"column":5}}]},"2":{"type":"branch","line":24,"loc":{"start":{"line":24,"column":24},"end":{"line":24,"column":52}},"locations":[{"start":{"line":24,"column":24},"end":{"line":24,"column":52}}]}},"b":{"0":[62],"1":[62],"2":[0]},"fnMap":{"0":{"name":"IconDelete","decl":{"start":{"line":6,"column":7},"end":{"line":8,"column":42}},"loc":{"start":{"line":6,"column":7},"end":{"line":8,"column":42}},"line":6},"1":{"name":"render","decl":{"start":{"line":19,"column":4},"end":{"line":32,"column":5}},"loc":{"start":{"line":19,"column":4},"end":{"line":32,"column":5}},"line":19}},"f":{"0":62,"1":62}}
,"C:\\Users\\koglakci\\Desktop\\work\\employeeManagement\\src\\components\\icons\\icon-edit.ts": {"path":"C:\\Users\\koglakci\\Desktop\\work\\employeeManagement\\src\\components\\icons\\icon-edit.ts","all":false,"statementMap":{"0":{"start":{"line":1,"column":0},"end":{"line":1,"column":44}},"1":{"start":{"line":2,"column":0},"end":{"line":2,"column":60}},"2":{"start":{"line":3,"column":0},"end":{"line":3,"column":55}},"4":{"start":{"line":5,"column":0},"end":{"line":5,"column":27}},"5":{"start":{"line":6,"column":0},"end":{"line":6,"column":42}},"6":{"start":{"line":7,"column":0},"end":{"line":7,"column":47}},"7":{"start":{"line":8,"column":0},"end":{"line":8,"column":42}},"9":{"start":{"line":10,"column":0},"end":{"line":10,"column":24}},"14":{"start":{"line":15,"column":0},"end":{"line":15,"column":14}},"15":{"start":{"line":16,"column":0},"end":{"line":16,"column":50}},"16":{"start":{"line":17,"column":0},"end":{"line":17,"column":36}},"17":{"start":{"line":18,"column":0},"end":{"line":18,"column":37}},"18":{"start":{"line":19,"column":0},"end":{"line":19,"column":10}},"19":{"start":{"line":20,"column":0},"end":{"line":20,"column":52}},"21":{"start":{"line":22,"column":0},"end":{"line":22,"column":20}},"30":{"start":{"line":31,"column":0},"end":{"line":31,"column":35}},"36":{"start":{"line":37,"column":0},"end":{"line":37,"column":5}},"37":{"start":{"line":38,"column":0},"end":{"line":38,"column":1}}},"s":{"0":1,"1":1,"2":1,"4":1,"5":1,"6":62,"7":62,"9":1,"14":1,"15":62,"16":62,"17":62,"18":62,"19":62,"21":62,"30":62,"36":62,"37":1},"branchMap":{"0":{"type":"branch","line":6,"loc":{"start":{"line":6,"column":7},"end":{"line":8,"column":42}},"locations":[{"start":{"line":6,"column":7},"end":{"line":8,"column":42}}]},"1":{"type":"branch","line":15,"loc":{"start":{"line":15,"column":4},"end":{"line":37,"column":5}},"locations":[{"start":{"line":15,"column":4},"end":{"line":37,"column":5}}]},"2":{"type":"branch","line":20,"loc":{"start":{"line":20,"column":24},"end":{"line":20,"column":52}},"locations":[{"start":{"line":20,"column":24},"end":{"line":20,"column":52}}]}},"b":{"0":[62],"1":[62],"2":[0]},"fnMap":{"0":{"name":"IconEdit","decl":{"start":{"line":6,"column":7},"end":{"line":8,"column":42}},"loc":{"start":{"line":6,"column":7},"end":{"line":8,"column":42}},"line":6},"1":{"name":"render","decl":{"start":{"line":15,"column":4},"end":{"line":37,"column":5}},"loc":{"start":{"line":15,"column":4},"end":{"line":37,"column":5}},"line":15}},"f":{"0":62,"1":62}}
,"C:\\Users\\koglakci\\Desktop\\work\\employeeManagement\\src\\components\\icons\\icon-flag-en.ts": {"path":"C:\\Users\\koglakci\\Desktop\\work\\employeeManagement\\src\\components\\icons\\icon-flag-en.ts","all":false,"statementMap":{"0":{"start":{"line":1,"column":0},"end":{"line":1,"column":44}},"1":{"start":{"line":2,"column":0},"end":{"line":2,"column":50}},"2":{"start":{"line":3,"column":0},"end":{"line":3,"column":30}},"3":{"start":{"line":4,"column":0},"end":{"line":4,"column":44}},"4":{"start":{"line":5,"column":0},"end":{"line":5,"column":98}},"5":{"start":{"line":6,"column":0},"end":{"line":6,"column":14}},"6":{"start":{"line":7,"column":0},"end":{"line":7,"column":45}},"12":{"start":{"line":13,"column":0},"end":{"line":13,"column":10}},"13":{"start":{"line":14,"column":0},"end":{"line":14,"column":1}}},"s":{"0":1,"1":1,"2":1,"3":1,"4":1,"5":1,"6":38,"12":38,"13":1},"branchMap":{"0":{"type":"branch","line":6,"loc":{"start":{"line":6,"column":4},"end":{"line":13,"column":10}},"locations":[{"start":{"line":6,"column":4},"end":{"line":13,"column":10}}]}},"b":{"0":[38]},"fnMap":{"0":{"name":"render","decl":{"start":{"line":6,"column":4},"end":{"line":13,"column":10}},"loc":{"start":{"line":6,"column":4},"end":{"line":13,"column":10}},"line":6}},"f":{"0":38}}
,"C:\\Users\\koglakci\\Desktop\\work\\employeeManagement\\src\\components\\icons\\icon-flag-tr.ts": {"path":"C:\\Users\\koglakci\\Desktop\\work\\employeeManagement\\src\\components\\icons\\icon-flag-tr.ts","all":false,"statementMap":{"0":{"start":{"line":1,"column":0},"end":{"line":1,"column":44}},"1":{"start":{"line":2,"column":0},"end":{"line":2,"column":50}},"2":{"start":{"line":3,"column":0},"end":{"line":3,"column":30}},"3":{"start":{"line":4,"column":0},"end":{"line":4,"column":44}},"4":{"start":{"line":5,"column":0},"end":{"line":5,"column":98}},"5":{"start":{"line":6,"column":0},"end":{"line":6,"column":14}},"6":{"start":{"line":7,"column":0},"end":{"line":7,"column":45}},"11":{"start":{"line":12,"column":0},"end":{"line":12,"column":10}},"12":{"start":{"line":13,"column":0},"end":{"line":13,"column":1}}},"s":{"0":1,"1":1,"2":1,"3":1,"4":1,"5":1,"6":64,"11":64,"12":1},"branchMap":{"0":{"type":"branch","line":6,"loc":{"start":{"line":6,"column":4},"end":{"line":12,"column":10}},"locations":[{"start":{"line":6,"column":4},"end":{"line":12,"column":10}}]}},"b":{"0":[64]},"fnMap":{"0":{"name":"render","decl":{"start":{"line":6,"column":4},"end":{"line":12,"column":10}},"loc":{"start":{"line":6,"column":4},"end":{"line":12,"column":10}},"line":6}},"f":{"0":64}}
,"C:\\Users\\koglakci\\Desktop\\work\\employeeManagement\\src\\components\\icons\\icon-grid.ts": {"path":"C:\\Users\\koglakci\\Desktop\\work\\employeeManagement\\src\\components\\icons\\icon-grid.ts","all":false,"statementMap":{"0":{"start":{"line":1,"column":0},"end":{"line":1,"column":44}},"1":{"start":{"line":2,"column":0},"end":{"line":2,"column":50}},"2":{"start":{"line":3,"column":0},"end":{"line":3,"column":27}},"3":{"start":{"line":4,"column":0},"end":{"line":4,"column":42}},"4":{"start":{"line":5,"column":0},"end":{"line":5,"column":80}},"5":{"start":{"line":6,"column":0},"end":{"line":6,"column":143}},"6":{"start":{"line":7,"column":0},"end":{"line":7,"column":1}}},"s":{"0":1,"1":1,"2":1,"3":1,"4":1,"5":1,"6":1},"branchMap":{"0":{"type":"branch","line":6,"loc":{"start":{"line":6,"column":4},"end":{"line":6,"column":143}},"locations":[{"start":{"line":6,"column":4},"end":{"line":6,"column":143}}]}},"b":{"0":[40]},"fnMap":{"0":{"name":"render","decl":{"start":{"line":6,"column":4},"end":{"line":6,"column":143}},"loc":{"start":{"line":6,"column":4},"end":{"line":6,"column":143}},"line":6}},"f":{"0":40}}
,"C:\\Users\\koglakci\\Desktop\\work\\employeeManagement\\src\\components\\icons\\icon-menu.ts": {"path":"C:\\Users\\koglakci\\Desktop\\work\\employeeManagement\\src\\components\\icons\\icon-menu.ts","all":false,"statementMap":{"0":{"start":{"line":1,"column":0},"end":{"line":1,"column":44}},"1":{"start":{"line":2,"column":0},"end":{"line":2,"column":50}},"2":{"start":{"line":3,"column":0},"end":{"line":3,"column":27}},"3":{"start":{"line":4,"column":0},"end":{"line":4,"column":42}},"4":{"start":{"line":5,"column":0},"end":{"line":5,"column":80}},"5":{"start":{"line":6,"column":0},"end":{"line":6,"column":14}},"6":{"start":{"line":7,"column":0},"end":{"line":7,"column":84}},"7":{"start":{"line":8,"column":0},"end":{"line":8,"column":62}},"8":{"start":{"line":9,"column":0},"end":{"line":9,"column":1}}},"s":{"0":1,"1":1,"2":1,"3":1,"4":1,"5":1,"6":40,"7":40,"8":1},"branchMap":{"0":{"type":"branch","line":6,"loc":{"start":{"line":6,"column":4},"end":{"line":8,"column":62}},"locations":[{"start":{"line":6,"column":4},"end":{"line":8,"column":62}}]}},"b":{"0":[40]},"fnMap":{"0":{"name":"render","decl":{"start":{"line":6,"column":4},"end":{"line":8,"column":62}},"loc":{"start":{"line":6,"column":4},"end":{"line":8,"column":62}},"line":6}},"f":{"0":40}}
,"C:\\Users\\koglakci\\Desktop\\work\\employeeManagement\\src\\components\\navbar\\app-language.ts": {"path":"C:\\Users\\koglakci\\Desktop\\work\\employeeManagement\\src\\components\\navbar\\app-language.ts","all":false,"statementMap":{"0":{"start":{"line":1,"column":0},"end":{"line":1,"column":44}},"1":{"start":{"line":2,"column":0},"end":{"line":2,"column":57}},"2":{"start":{"line":3,"column":0},"end":{"line":3,"column":55}},"3":{"start":{"line":4,"column":0},"end":{"line":4,"column":31}},"4":{"start":{"line":5,"column":0},"end":{"line":5,"column":31}},"6":{"start":{"line":7,"column":0},"end":{"line":7,"column":30}},"7":{"start":{"line":8,"column":0},"end":{"line":8,"column":45}},"8":{"start":{"line":9,"column":0},"end":{"line":9,"column":52}},"10":{"start":{"line":11,"column":0},"end":{"line":11,"column":22}},"109":{"start":{"line":110,"column":0},"end":{"line":110,"column":10}},"110":{"start":{"line":111,"column":0},"end":{"line":111,"column":31}},"112":{"start":{"line":113,"column":0},"end":{"line":113,"column":10}},"113":{"start":{"line":114,"column":0},"end":{"line":114,"column":25}},"115":{"start":{"line":116,"column":0},"end":{"line":116,"column":23}},"116":{"start":{"line":117,"column":0},"end":{"line":117,"column":70}},"117":{"start":{"line":118,"column":0},"end":{"line":118,"column":70}},"118":{"start":{"line":119,"column":0},"end":{"line":119,"column":4}},"120":{"start":{"line":121,"column":0},"end":{"line":121,"column":36}},"121":{"start":{"line":122,"column":0},"end":{"line":122,"column":71}},"122":{"start":{"line":123,"column":0},"end":{"line":123,"column":73}},"123":{"start":{"line":124,"column":0},"end":{"line":124,"column":31}},"124":{"start":{"line":125,"column":0},"end":{"line":125,"column":50}},"125":{"start":{"line":126,"column":0},"end":{"line":126,"column":3}},"127":{"start":{"line":128,"column":0},"end":{"line":128,"column":55}},"128":{"start":{"line":129,"column":0},"end":{"line":129,"column":24}},"129":{"start":{"line":130,"column":0},"end":{"line":130,"column":44}},"130":{"start":{"line":131,"column":0},"end":{"line":131,"column":21}},"131":{"start":{"line":132,"column":0},"end":{"line":132,"column":25}},"132":{"start":{"line":133,"column":0},"end":{"line":133,"column":24}},"133":{"start":{"line":134,"column":0},"end":{"line":134,"column":3}},"135":{"start":{"line":136,"column":0},"end":{"line":136,"column":46}},"136":{"start":{"line":137,"column":0},"end":{"line":137,"column":36}},"138":{"start":{"line":139,"column":0},"end":{"line":139,"column":69}},"139":{"start":{"line":140,"column":0},"end":{"line":140,"column":13}},"140":{"start":{"line":141,"column":0},"end":{"line":141,"column":5}},"141":{"start":{"line":142,"column":0},"end":{"line":142,"column":60}},"142":{"start":{"line":143,"column":0},"end":{"line":143,"column":24}},"143":{"start":{"line":144,"column":0},"end":{"line":144,"column":3}},"145":{"start":{"line":146,"column":0},"end":{"line":146,"column":23}},"146":{"start":{"line":147,"column":0},"end":{"line":147,"column":30}},"147":{"start":{"line":148,"column":0},"end":{"line":148,"column":64}},"148":{"start":{"line":149,"column":0},"end":{"line":149,"colum
[...]
:13,"column":5}}]},"1":{"type":"branch","line":16,"loc":{"start":{"line":16,"column":4},"end":{"line":16,"column":52}},"locations":[{"start":{"line":16,"column":4},"end":{"line":16,"column":52}}]},"2":{"type":"branch","line":17,"loc":{"start":{"line":17,"column":4},"end":{"line":17,"column":50}},"locations":[{"start":{"line":17,"column":4},"end":{"line":17,"column":50}}]},"3":{"type":"branch","line":20,"loc":{"start":{"line":20,"column":12},"end":{"line":22,"column":5}},"locations":[{"start":{"line":20,"column":12},"end":{"line":22,"column":5}}]},"4":{"type":"branch","line":25,"loc":{"start":{"line":25,"column":4},"end":{"line":35,"column":5}},"locations":[{"start":{"line":25,"column":4},"end":{"line":35,"column":5}}]},"5":{"type":"branch","line":37,"loc":{"start":{"line":37,"column":4},"end":{"line":45,"column":5}},"locations":[{"start":{"line":37,"column":4},"end":{"line":45,"column":5}}]},"6":{"type":"branch","line":39,"loc":{"start":{"line":39,"column":26},"end":{"line":39,"column":38}},"locations":[{"start":{"line":39,"column":26},"end":{"line":39,"column":38}}]},"7":{"type":"branch","line":39,"loc":{"start":{"line":39,"column":33},"end":{"line":44,"column":38}},"locations":[{"start":{"line":39,"column":33},"end":{"line":44,"column":38}}]},"8":{"type":"branch","line":38,"loc":{"start":{"line":38,"column":48},"end":{"line":38,"column":68}},"locations":[{"start":{"line":38,"column":48},"end":{"line":38,"column":68}}]},"9":{"type":"branch","line":47,"loc":{"start":{"line":47,"column":4},"end":{"line":55,"column":5}},"locations":[{"start":{"line":47,"column":4},"end":{"line":55,"column":5}}]},"10":{"type":"branch","line":49,"loc":{"start":{"line":49,"column":26},"end":{"line":49,"column":39}},"locations":[{"start":{"line":49,"column":26},"end":{"line":49,"column":39}}]},"11":{"type":"branch","line":49,"loc":{"start":{"line":49,"column":33},"end":{"line":54,"column":20}},"locations":[{"start":{"line":49,"column":33},"end":{"line":54,"column":20}}]},"12":{"type":"branch","line":48,"loc":{"start":{"line":48,"column":48},"end":{"line":48,"column":68}},"locations":[{"start":{"line":48,"column":48},"end":{"line":48,"column":68}}]},"13":{"type":"branch","line":57,"loc":{"start":{"line":57,"column":4},"end":{"line":59,"column":5}},"locations":[{"start":{"line":57,"column":4},"end":{"line":59,"column":5}}]},"14":{"type":"branch","line":58,"loc":{"start":{"line":58,"column":56},"end":{"line":58,"column":66}},"locations":[{"start":{"line":58,"column":56},"end":{"line":58,"column":66}}]},"15":{"type":"branch","line":58,"loc":{"start":{"line":58,"column":36},"end":{"line":58,"column":56}},"locations":[{"start":{"line":58,"column":36},"end":{"line":58,"column":56}}]},"16":{"type":"branch","line":66,"loc":{"start":{"line":66,"column":4},"end":{"line":68,"column":5}},"locations":[{"start":{"line":66,"column":4},"end":{"line":68,"column":5}}]},"17":{"type":"branch","line":71,"loc":{"start":{"line":71,"column":4},"end":{"line":80,"column":5}},"locations":[{"start":{"line":71,"column":4},"end":{"line":80,"column":5}}]},"18":{"type":"branch","line":73,"loc":{"start":{"line":73,"column":38},"end":{"line":78,"column":59}},"locations":[{"start":{"line":73,"column":38},"end":{"line":78,"column":59}}]},"19":{"type":"branch","line":74,"loc":{"start":{"line":74,"column":59},"end":{"line":75,"column":62}},"locations":[{"start":{"line":74,"column":59},"end":{"line":75,"column":62}}]},"20":{"type":"branch","line":75,"loc":{"start":{"line":75,"column":58},"end":{"line":76,"column":59}},"locations":[{"start":{"line":75,"column":58},"end":{"line":76,"column":59}}]},"21":{"type":"branch","line":76,"loc":{"start":{"line":76,"column":55},"end":{"line":77,"column":64}},"locations":[{"start":{"line":76,"column":55},"end":{"line":77,"column":64}}]},"22":{"type":"branch","line":77,"loc":{"start":{"line":77,"column":60},"end":{"line":78,"column":59}},"locations":[{"start":{"line":77,"column":60},"end":{"line":78,"column":59}}]},"23":{"type":"branch","line":82,"loc":{"start":{"line":82,"column":4},"end":{"line":84,"column":5}},"locations":[{"start":{"line":82,"column":4},"end":{"line":84,"column":5}}]},"24":{"type":"branch","line":83,"loc":{"start":{"line":83,"column":38},"end":{"line":83,"column":74}},"locations":[{"start":{"line":83,"column":38},"end":{"line":83,"column":74}}]},"25":{"type":"branch","line":86,"loc":{"start":{"line":86,"column":4},"end":{"line":89,"column":5}},"locations":[{"start":{"line":86,"column":4},"end":{"line":89,"column":5}}]},"26":{"type":"branch","line":87,"loc":{"start":{"line":87,"column":56},"end":{"line":87,"column":77}},"locations":[{"start":{"line":87,"column":56},"end":{"line":87,"column":77}}]},"27":{"type":"branch","line":92,"loc":{"start":{"line":92,"column":12},"end":{"line":98,"column":5}},"locations":[{"start":{"line":92,"column":12},"end":{"line":98,"column":5}}]},"28":{"type":"branch","line":95,"loc":{"start":{"line":95,"column":8},"end":{"line":97,"column":9}},"locations":[{"start":{"line":95,"column":8},"end":{"line":97,"column":9}}]},"29":{"type":"branch","line":100,"loc":{"start":{"line":100,"column":12},"end":{"line":110,"column":5}},"locations":[{"start":{"line":100,"column":12},"end":{"line":110,"column":5}}]},"30":{"type":"branch","line":104,"loc":{"start":{"line":104,"column":24},"end":{"line":106,"column":13}},"locations":[{"start":{"line":104,"column":24},"end":{"line":106,"column":13}}]},"31":{"type":"branch","line":107,"loc":{"start":{"line":107,"column":8},"end":{"line":109,"column":9}},"locations":[{"start":{"line":107,"column":8},"end":{"line":109,"column":9}}]},"32":{"type":"branch","line":113,"loc":{"start":{"line":113,"column":12},"end":{"line":178,"column":5}},"locations":[{"start":{"line":113,"column":12},"end":{"line":178,"column":5}}]},"33":{"type":"branch","line":137,"loc":{"start":{"line":137,"column":42},"end":{"line":174,"column":13}},"locations":[{"start":{"line":137,"column":42},"end":{"line":174,"column":13}}]},"34":{"type":"branch","line":176,"loc":{"start":{"line":176,"column":36},"end":{"line":176,"column":56}},"locations":[{"start":{"line":176,"column":36},"end":{"line":176,"column":56}}]},"35":{"type":"branch","line":181,"loc":{"start":{"line":181,"column":4},"end":{"line":184,"column":5}},"locations":[{"start":{"line":181,"column":4},"end":{"line":184,"column":5}}]},"36":{"type":"branch","line":183,"loc":{"start":{"line":183,"column":15},"end":{"line":183,"column":47}},"locations":[{"start":{"line":183,"column":15},"end":{"line":183,"column":47}}]},"37":{"type":"branch","line":186,"loc":{"start":{"line":186,"column":12},"end":{"line":188,"column":5}},"locations":[{"start":{"line":186,"column":12},"end":{"line":188,"column":5}}]},"38":{"type":"branch","line":187,"loc":{"start":{"line":187,"column":41},"end":{"line":187,"column":46}},"locations":[{"start":{"line":187,"column":41},"end":{"line":187,"column":46}}]},"39":{"type":"branch","line":191,"loc":{"start":{"line":191,"column":4},"end":{"line":195,"column":5}},"locations":[{"start":{"line":191,"column":4},"end":{"line":195,"column":5}}]},"40":{"type":"branch","line":206,"loc":{"start":{"line":206,"column":4},"end":{"line":209,"column":5}},"locations":[{"start":{"line":206,"column":4},"end":{"line":209,"column":5}}]},"41":{"type":"branch","line":211,"loc":{"start":{"line":211,"column":4},"end":{"line":213,"column":5}},"locations":[{"start":{"line":211,"column":4},"end":{"line":213,"column":5}}]},"42":{"type":"branch","line":212,"loc":{"start":{"line":212,"column":45},"end":{"line":212,"column":76}},"locations":[{"start":{"line":212,"column":45},"end":{"line":212,"column":76}}]},"43":{"type":"branch","line":215,"loc":{"start":{"line":215,"column":4},"end":{"line":217,"column":5}},"locations":[{"start":{"line":215,"column":4},"end":{"line":217,"column":5}}]}},"b":{"0":[2],"1":[10],"2":[8],"3":[584],"4":[584],"5":[8],"6":[2],"7":[6],"8":[6],"9":[8],"10":[2],"11":[6],"12":[6],"13":[8],"14":[4],"15":[4],"16":[2],"17":[12],"18":[36],"19":[34],"20":[32],"21":[30],"22":[26],"23":[4],"24":[12],"25":[2],"26":[6],"27":[712],"28":[4],"29":[2],"30":[0],"31":[0],"32":[2],"33":[500],"34":[500],"35":[8],"36":[6],"37":[712],"38":[30],"39":[116],"40":[6],"41":[4],"42":[22],"43":[2]},"fnMap":{"0":{"name":"EmployeeStore","decl":{"start":{"line":10,"column":4},"end":{"line":13,"column":5}},"loc":{"start":{"line":10,"column":4},"end":{"line":13,"column":5}},"line":10},"1":{"name":"get employees","decl":{"start":{"line":16,"column":4},"end":{"line":16,"column":52}},"loc":{"start":{"line":16,"column":4},"end":{"line":16,"column":52}},"line":16},"2":{"name":"get count","decl":{"start":{"line":17,"column":4},"end":{"line":17,"column":50}},"loc":{"start":{"line":17,"column":4},"end":{"line":17,"column":50}},"line":17},"3":{"name":"generateId","decl":{"start":{"line":20,"column":12},"end":{"line":22,"column":5}},"loc":{"start":{"line":20,"column":12},"end":{"line":22,"column":5}},"line":20},"4":{"name":"add","decl":{"start":{"line":25,"column":4},"end":{"line":35,"column":5}},"loc":{"start":{"line":25,"column":4},"end":{"line":35,"column":5}},"line":25},"5":{"name":"update","decl":{"start":{"line":37,"column":4},"end":{"line":45,"column":5}},"loc":{"start":{"line":37,"column":4},"end":{"line":45,"column":5}},"line":37},"6":{"name":"delete","decl":{"start":{"line":47,"column":4},"end":{"line":55,"column":5}},"loc":{"start":{"line":47,"column":4},"end":{"line":55,"column":5}},"line":47},"7":{"name":"getById","decl":{"start":{"line":57,"column":4},"end":{"line":59,"column":5}},"loc":{"start":{"line":57,"column":4},"end":{"line":59,"column":5}},"line":57},"8":{"name":"findByEmail","decl":{"start":{"line":62,"column":4},"end":{"line":64,"column":5}},"loc":{"start":{"line":62,"column":4},"end":{"line":64,"column":5}},"line":62},"9":{"name":"getAllEmployees","decl":{"start":{"line":66,"column":4},"end":{"line":68,"column":5}},"loc":{"start":{"line":66,"column":4},"end":{"line":68,"column":5}},"line":66},"10":{"name":"search","decl":{"start":{"line":71,"column":4},"end":{"line":80,"column":5}},"loc":{"start":{"line":71,"column":4},"end":{"line":80,"column":5}},"line":71},"11":{"name":"filterByDepartment","decl":{"start":{"line":82,"column":4},"end":{"line":84,"column":5}},"loc":{"start":{"line":82,"column":4},"end":{"line":84,"column":5}},"line":82},"12":{"name":"getDepartments","decl":{"start":{"line":86,"column":4},"end":{"line":89,"column":5}},"loc":{"start":{"line":86,"column":4},"end":{"line":89,"column":5}},"line":86},"13":{"name":"saveToStorage","decl":{"start":{"line":92,"column":12},"end":{"line":98,"column":5}},"loc":{"start":{"line":92,"column":12},"end":{"line":98,"column":5}},"line":92},"14":{"name":"loadFromStorage","decl":{"start":{"line":100,"column":12},"end":{"line":110,"column":5}},"loc":{"start":{"line":100,"column":12},"end":{"line":110,"column":5}},"line":100},"15":{"name":"seedData","decl":{"start":{"line":113,"column":12},"end":{"line":178,"column":5}},"loc":{"start":{"line":113,"column":12},"end":{"line":178,"column":5}},"line":113},"16":{"name":"subscribe","decl":{"start":{"line":181,"column":4},"end":{"line":184,"column":5}},"loc":{"start":{"line":181,"column":4},"end":{"line":184,"column":5}},"line":181},"17":{"name":"emit","decl":{"start":{"line":186,"column":12},"end":{"line":188,"column":5}},"loc":{"start":{"line":186,"column":12},"end":{"line":188,"column":5}},"line":186},"18":{"name":"clear","decl":{"start":{"line":191,"column":4},"end":{"line":195,"column":5}},"loc":{"start":{"line":191,"column":4},"end":{"line":195,"column":5}},"line":191},"19":{"name":"EmployeeController","decl":{"start":{"line":206,"column":4},"end":{"line":209,"column":5}},"loc":{"start":{"line":206,"column":4},"end":{"line":209,"column":5}},"line":206},"20":{"name":"hostConnected","decl":{"start":{"line":211,"column":4},"end":{"line":213,"column":5}},"loc":{"start":{"line":211,"column":4},"end":{"line":213,"column":5}},"line":211},"21":{"name":"hostDisconnected","decl":{"start":{"line":215,"column":4},"end":{"line":217,"column":5}},"loc":{"start":{"line":215,"column":4},"end":{"line":217,"column":5}},"line":215}},"f":{"0":2,"1":10,"2":8,"3":584,"4":584,"5":8,"6":8,"7":8,"8":0,"9":2,"10":12,"11":4,"12":2,"13":712,"14":2,"15":2,"16":8,"17":712,"18":116,"19":6,"20":4,"21":2}}
,"C:\\Users\\koglakci\\Desktop\\work\\employeeManagement\\src\\styles\\form.css.ts": {"path":"C:\\Users\\koglakci\\Desktop\\work\\employeeManagement\\src\\styles\\form.css.ts","all":false,"statementMap":{"0":{"start":{"line":1,"column":0},"end":{"line":1,"column":26}},"3":{"start":{"line":4,"column":0},"end":{"line":4,"column":30}}},"s":{"0":1,"3":1},"branchMap":{},"b":{},"fnMap":{},"f":{}}
,"C:\\Users\\koglakci\\Desktop\\work\\employeeManagement\\src\\styles\\grid.css.ts": {"path":"C:\\Users\\koglakci\\Desktop\\work\\employeeManagement\\src\\styles\\grid.css.ts","all":false,"statementMap":{"0":{"start":{"line":1,"column":0},"end":{"line":1,"column":26}},"3":{"start":{"line":4,"column":0},"end":{"line":4,"column":30}}},"s":{"0":1,"3":1},"branchMap":{},"b":{},"fnMap":{},"f":{}}
,"C:\\Users\\koglakci\\Desktop\\work\\employeeManagement\\src\\styles\\home.css.ts": {"path":"C:\\Users\\koglakci\\Desktop\\work\\employeeManagement\\src\\styles\\home.css.ts","all":false,"statementMap":{"0":{"start":{"line":1,"column":0},"end":{"line":1,"column":26}},"2":{"start":{"line":3,"column":0},"end":{"line":3,"column":30}}},"s":{"0":1,"2":1},"branchMap":{},"b":{},"fnMap":{},"f":{}}
,"C:\\Users\\koglakci\\Desktop\\work\\employeeManagement\\src\\styles\\index.ts": {"path":"C:\\Users\\koglakci\\Desktop\\work\\employeeManagement\\src\\styles\\index.ts","all":false,"statementMap":{"1":{"start":{"line":2,"column":0},"end":{"line":2,"column":36}},"2":{"start":{"line":3,"column":0},"end":{"line":3,"column":42}},"3":{"start":{"line":4,"column":0},"end":{"line":4,"column":40}},"4":{"start":{"line":5,"column":0},"end":{"line":5,"column":52}},"5":{"start":{"line":6,"column":0},"end":{"line":6,"column":38}},"6":{"start":{"line":7,"column":0},"end":{"line":7,"column":40}},"7":{"start":{"line":8,"column":0},"end":{"line":8,"column":48}},"8":{"start":{"line":9,"column":0},"end":{"line":9,"column":40}},"9":{"start":{"line":10,"column":0},"end":{"line":10,"column":42}},"10":{"start":{"line":11,"column":0},"end":{"line":11,"column":51}}},"s":{"1":1,"2":1,"3":1,"4":1,"5":1,"6":1,"7":1,"8":1,"9":1,"10":1},"branchMap":{},"b":{},"fnMap":{},"f":{}}
,"C:\\Users\\koglakci\\Desktop\\work\\employeeManagement\\src\\styles\\info-popup.css.ts": {"path":"C:\\Users\\koglakci\\Desktop\\work\\employeeManagement\\src\\styles\\info-popup.css.ts","all":false,"statementMap":{"0":{"start":{"line":1,"column":0},"end":{"line":1,"column":26}},"2":{"start":{"line":3,"column":0},"end":{"line":3,"column":35}}},"s":{"0":1,"2":1},"branchMap":{},"b":{},"fnMap":{},"f":{}}
,"C:\\Users\\koglakci\\Desktop\\work\\employeeManagement\\src\\styles\\language.css.ts": {"path":"C:\\Users\\koglakci\\Desktop\\work\\employeeManagement\\src\\styles\\language.css.ts","all":false,"statementMap":{"0":{"start":{"line":1,"column":0},"end":{"line":1,"column":26}},"3":{"start":{"line":4,"column":0},"end":{"line":4,"column":34}}},"s":{"0":1,"3":1},"branchMap":{},"b":{},"fnMap":{},"f":{}}
,"C:\\Users\\koglakci\\Desktop\\work\\employeeManagement\\src\\styles\\nav.css.ts": {"path":"C:\\Users\\koglakci\\Desktop\\work\\employeeManagement\\src\\styles\\nav.css.ts","all":false,"statementMap":{"0":{"start":{"line":1,"column":0},"end":{"line":1,"column":26}},"3":{"start":{"line":4,"column":0},"end":{"line":4,"column":29}}},"s":{"0":1,"3":1},"branchMap":{},"b":{},"fnMap":{},"f":{}}
,"C:\\Users\\koglakci\\Desktop\\work\\employeeManagement\\src\\styles\\pagination.css.ts": {"path":"C:\\Users\\koglakci\\Desktop\\work\\employeeManagement\\src\\styles\\pagination.css.ts","all":false,"statementMap":{"0":{"start":{"line":1,"column":0},"end":{"line":1,"column":26}},"3":{"start":{"line":4,"column":0},"end":{"line":4,"column":36}}},"s":{"0":1,"3":1},"branchMap":{},"b":{},"fnMap":{},"f":{}}
,"C:\\Users\\koglakci\\Desktop\\work\\employeeManagement\\src\\styles\\popup.css.ts": {"path":"C:\\Users\\koglakci\\Desktop\\work\\employeeManagement\\src\\styles\\popup.css.ts","all":false,"statementMap":{"0":{"start":{"line":1,"column":0},"end":{"line":1,"column":26}},"2":{"start":{"line":3,"column":0},"end":{"line":3,"column":31}}},"s":{"0":1,"2":1},"branchMap":{},"b":{},"fnMap":{},"f":{}}
,"C:\\Users\\koglakci\\Desktop\\work\\employeeManagement\\src\\styles\\table.css.ts": {"path":"C:\\Users\\koglakci\\Desktop\\work\\employeeManagement\\src\\styles\\table.css.ts","all":false,"statementMap":{"0":{"start":{"line":1,"column":0},"end":{"line":1,"column":26}},"3":{"start":{"line":4,"column":0},"end":{"line":4,"column":31}}},"s":{"0":1,"3":1},"branchMap":{},"b":{},"fnMap":{},"f":{}}
,"C:\\Users\\koglakci\\Desktop\\work\\employeeManagement\\src\\styles\\theme.css.ts": {"path":"C:\\Users\\koglakci\\Desktop\\work\\employeeManagement\\src\\styles\\theme.css.ts","all":false,"statementMap":{"0":{"start":{"line":1,"column":0},"end":{"line":1,"column":26}},"3":{"start":{"line":4,"column":0},"end":{"line":4,"column":22}},"143":{"start":{"line":144,"column":0},"end":{"line":144,"column":54}},"144":{"start":{"line":145,"column":0},"end":{"line":145,"column":55}},"145":{"start":{"line":146,"column":0},"end":{"line":146,"column":42}},"146":{"start":{"line":147,"column":0},"end":{"line":147,"column":42}},"147":{"start":{"line":148,"column":0},"end":{"line":148,"column":42}},"148":{"start":{"line":149,"column":0},"end":{"line":149,"column":1}},"150":{"start":{"line":151,"column":0},"end":{"line":151,"column":25}}},"s":{"0":1,"3":1,"143":1,"144":1,"145":1,"146":1,"147":1,"148":1,"150":1},"branchMap":{},"b":{},"fnMap":{},"f":{}}
,"C:\\Users\\koglakci\\Desktop\\work\\employeeManagement\\src\\utils\\phone.ts": {"path":"C:\\Users\\koglakci\\Desktop\\work\\employeeManagement\\src\\utils\\phone.ts","all":false,"statementMap":{"0":{"start":{"line":1,"column":0},"end":{"line":1,"column":52}},"1":{"start":{"line":2,"column":0},"end":{"line":2,"column":45}},"2":{"start":{"line":3,"column":0},"end":{"line":3,"column":57}},"3":{"start":{"line":4,"column":0},"end":{"line":4,"column":63}},"4":{"start":{"line":5,"column":0},"end":{"line":5,"column":106}},"5":{"start":{"line":6,"column":0},"end":{"line":6,"column":54}},"6":{"start":{"line":7,"column":0},"end":{"line":7,"column":5}},"7":{"start":{"line":8,"column":0},"end":{"line":8,"column":45}},"8":{"start":{"line":9,"column":0},"end":{"line":9,"column":17}},"9":{"start":{"line":10,"column":0},"end":{"line":10,"column":1}}},"s":{"0":1,"1":116,"2":116,"3":36,"4":36,"5":36,"6":36,"7":116,"8":80,"9":80},"branchMap":{"0":{"type":"branch","line":1,"loc":{"start":{"line":1,"column":7},"end":{"line":10,"column":1}},"locations":[{"start":{"line":1,"column":7},"end":{"line":10,"column":1}}]},"1":{"type":"branch","line":3,"loc":{"start":{"line":3,"column":30},"end":{"line":3,"column":56}},"locations":[{"start":{"line":3,"column":30},"end":{"line":3,"column":56}}]},"2":{"type":"branch","line":3,"loc":{"start":{"line":3,"column":56},"end":{"line":7,"column":5}},"locations":[{"start":{"line":3,"column":56},"end":{"line":7,"column":5}}]},"3":{"type":"branch","line":7,"loc":{"start":{"line":7,"column":4},"end":{"line":8,"column":39}},"locations":[{"start":{"line":7,"column":4},"end":{"line":8,"column":39}}]},"4":{"type":"branch","line":8,"loc":{"start":{"line":8,"column":32},"end":{"line":8,"column":45}},"locations":[{"start":{"line":8,"column":32},"end":{"line":8,"column":45}}]},"5":{"type":"branch","line":8,"loc":{"start":{"line":8,"column":39},"end":{"line":10,"column":1}},"locations":[{"start":{"line":8,"column":39},"end":{"line":10,"column":1}}]}},"b":{"0":[116],"1":[44],"2":[36],"3":[80],"4":[0],"5":[80]},"fnMap":{"0":{"name":"formatPhone","decl":{"start":{"line":1,"column":7},"end":{"line":10,"column":1}},"loc":{"start":{"line":1,"column":7},"end":{"line":10,"column":1}},"line":1}},"f":{"0":116}}
}
